
kernel8.elf:     file format elf64-littleaarch64


Disassembly of section .text:

0000000000080000 <_start>:
   80000:	d53800a1 	mrs	x1, mpidr_el1
   80004:	92400421 	and	x1, x1, #0x3
   80008:	b4000061 	cbz	x1, 80014 <boot>

000000000008000c <busy_loop>:
   8000c:	d503205f 	wfe
   80010:	17ffffff 	b	8000c <busy_loop>

0000000000080014 <boot>:
   80014:	580003a1 	ldr	x1, 80088 <c_entry+0x10>
   80018:	9100003f 	mov	sp, x1
   8001c:	580003a2 	ldr	x2, 80090 <c_entry+0x18>
   80020:	d51cc002 	msr	vbar_el2, x2
   80024:	d53c1100 	mrs	x0, hcr_el2
   80028:	b27c0000 	orr	x0, x0, #0x10
   8002c:	d51c1100 	msr	hcr_el2, x0
   80030:	d2b00000 	mov	x0, #0x80000000            	// #2147483648
   80034:	d51c1100 	msr	hcr_el2, x0
   80038:	d28078a0 	mov	x0, #0x3c5                 	// #965
   8003c:	d51c4000 	msr	spsr_el2, x0
   80040:	100000e0 	adr	x0, 8005c <EL2_to_El1>
   80044:	d51c4020 	msr	elr_el2, x0
   80048:	10fffdc0 	adr	x0, 80000 <_start>
   8004c:	d51c4100 	msr	sp_el1, x0
   80050:	58000242 	ldr	x2, 80098 <c_entry+0x20>
   80054:	d518c002 	msr	vbar_el1, x2
   80058:	d69f03e0 	eret

000000000008005c <EL2_to_El1>:
   8005c:	9400074f 	bl	81d98 <enable_EL0_interrupt>
   80060:	58000201 	ldr	x1, 800a0 <c_entry+0x28>
   80064:	180000e2 	ldr	w2, 80080 <c_entry+0x8>

0000000000080068 <clear_bss>:
   80068:	34000082 	cbz	w2, 80078 <c_entry>
   8006c:	f800843f 	str	xzr, [x1], #8
   80070:	51000442 	sub	w2, w2, #0x1
   80074:	35ffffa2 	cbnz	w2, 80068 <clear_bss>

0000000000080078 <c_entry>:
   80078:	9400098a 	bl	826a0 <main>
   8007c:	17ffffe4 	b	8000c <busy_loop>
   80080:	0001040c 	.word	0x0001040c
   80084:	00000000 	.inst	0x00000000 ; undefined
   80088:	00080000 	.word	0x00080000
   8008c:	00000000 	.word	0x00000000
   80090:	00081800 	.word	0x00081800
   80094:	00000000 	.word	0x00000000
   80098:	00080800 	.word	0x00080800
   8009c:	00000000 	.word	0x00000000
   800a0:	00084060 	.word	0x00084060
	...

0000000000080800 <__vectors1>:
   80800:	14000161 	b	80d84 <sync_currentEL_spelx_EL1>
   80804:	d503201f 	nop
   80808:	d503201f 	nop
   8080c:	d503201f 	nop
   80810:	d503201f 	nop
   80814:	d503201f 	nop
   80818:	d503201f 	nop
   8081c:	d503201f 	nop
   80820:	d503201f 	nop
   80824:	d503201f 	nop
   80828:	d503201f 	nop
   8082c:	d503201f 	nop
   80830:	d503201f 	nop
   80834:	d503201f 	nop
   80838:	d503201f 	nop
   8083c:	d503201f 	nop
   80840:	d503201f 	nop
   80844:	d503201f 	nop
   80848:	d503201f 	nop
   8084c:	d503201f 	nop
   80850:	d503201f 	nop
   80854:	d503201f 	nop
   80858:	d503201f 	nop
   8085c:	d503201f 	nop
   80860:	d503201f 	nop
   80864:	d503201f 	nop
   80868:	d503201f 	nop
   8086c:	d503201f 	nop
   80870:	d503201f 	nop
   80874:	d503201f 	nop
   80878:	d503201f 	nop
   8087c:	d503201f 	nop
   80880:	14000141 	b	80d84 <sync_currentEL_spelx_EL1>
   80884:	d503201f 	nop
   80888:	d503201f 	nop
   8088c:	d503201f 	nop
   80890:	d503201f 	nop
   80894:	d503201f 	nop
   80898:	d503201f 	nop
   8089c:	d503201f 	nop
   808a0:	d503201f 	nop
   808a4:	d503201f 	nop
   808a8:	d503201f 	nop
   808ac:	d503201f 	nop
   808b0:	d503201f 	nop
   808b4:	d503201f 	nop
   808b8:	d503201f 	nop
   808bc:	d503201f 	nop
   808c0:	d503201f 	nop
   808c4:	d503201f 	nop
   808c8:	d503201f 	nop
   808cc:	d503201f 	nop
   808d0:	d503201f 	nop
   808d4:	d503201f 	nop
   808d8:	d503201f 	nop
   808dc:	d503201f 	nop
   808e0:	d503201f 	nop
   808e4:	d503201f 	nop
   808e8:	d503201f 	nop
   808ec:	d503201f 	nop
   808f0:	d503201f 	nop
   808f4:	d503201f 	nop
   808f8:	d503201f 	nop
   808fc:	d503201f 	nop
   80900:	14000121 	b	80d84 <sync_currentEL_spelx_EL1>
   80904:	d503201f 	nop
   80908:	d503201f 	nop
   8090c:	d503201f 	nop
   80910:	d503201f 	nop
   80914:	d503201f 	nop
   80918:	d503201f 	nop
   8091c:	d503201f 	nop
   80920:	d503201f 	nop
   80924:	d503201f 	nop
   80928:	d503201f 	nop
   8092c:	d503201f 	nop
   80930:	d503201f 	nop
   80934:	d503201f 	nop
   80938:	d503201f 	nop
   8093c:	d503201f 	nop
   80940:	d503201f 	nop
   80944:	d503201f 	nop
   80948:	d503201f 	nop
   8094c:	d503201f 	nop
   80950:	d503201f 	nop
   80954:	d503201f 	nop
   80958:	d503201f 	nop
   8095c:	d503201f 	nop
   80960:	d503201f 	nop
   80964:	d503201f 	nop
   80968:	d503201f 	nop
   8096c:	d503201f 	nop
   80970:	d503201f 	nop
   80974:	d503201f 	nop
   80978:	d503201f 	nop
   8097c:	d503201f 	nop
   80980:	14000101 	b	80d84 <sync_currentEL_spelx_EL1>
   80984:	d503201f 	nop
   80988:	d503201f 	nop
   8098c:	d503201f 	nop
   80990:	d503201f 	nop
   80994:	d503201f 	nop
   80998:	d503201f 	nop
   8099c:	d503201f 	nop
   809a0:	d503201f 	nop
   809a4:	d503201f 	nop
   809a8:	d503201f 	nop
   809ac:	d503201f 	nop
   809b0:	d503201f 	nop
   809b4:	d503201f 	nop
   809b8:	d503201f 	nop
   809bc:	d503201f 	nop
   809c0:	d503201f 	nop
   809c4:	d503201f 	nop
   809c8:	d503201f 	nop
   809cc:	d503201f 	nop
   809d0:	d503201f 	nop
   809d4:	d503201f 	nop
   809d8:	d503201f 	nop
   809dc:	d503201f 	nop
   809e0:	d503201f 	nop
   809e4:	d503201f 	nop
   809e8:	d503201f 	nop
   809ec:	d503201f 	nop
   809f0:	d503201f 	nop
   809f4:	d503201f 	nop
   809f8:	d503201f 	nop
   809fc:	d503201f 	nop
   80a00:	140000e1 	b	80d84 <sync_currentEL_spelx_EL1>
   80a04:	d503201f 	nop
   80a08:	d503201f 	nop
   80a0c:	d503201f 	nop
   80a10:	d503201f 	nop
   80a14:	d503201f 	nop
   80a18:	d503201f 	nop
   80a1c:	d503201f 	nop
   80a20:	d503201f 	nop
   80a24:	d503201f 	nop
   80a28:	d503201f 	nop
   80a2c:	d503201f 	nop
   80a30:	d503201f 	nop
   80a34:	d503201f 	nop
   80a38:	d503201f 	nop
   80a3c:	d503201f 	nop
   80a40:	d503201f 	nop
   80a44:	d503201f 	nop
   80a48:	d503201f 	nop
   80a4c:	d503201f 	nop
   80a50:	d503201f 	nop
   80a54:	d503201f 	nop
   80a58:	d503201f 	nop
   80a5c:	d503201f 	nop
   80a60:	d503201f 	nop
   80a64:	d503201f 	nop
   80a68:	d503201f 	nop
   80a6c:	d503201f 	nop
   80a70:	d503201f 	nop
   80a74:	d503201f 	nop
   80a78:	d503201f 	nop
   80a7c:	d503201f 	nop
   80a80:	140000ec 	b	80e30 <irq_currentEL_spelx_EL1>
   80a84:	d503201f 	nop
   80a88:	d503201f 	nop
   80a8c:	d503201f 	nop
   80a90:	d503201f 	nop
   80a94:	d503201f 	nop
   80a98:	d503201f 	nop
   80a9c:	d503201f 	nop
   80aa0:	d503201f 	nop
   80aa4:	d503201f 	nop
   80aa8:	d503201f 	nop
   80aac:	d503201f 	nop
   80ab0:	d503201f 	nop
   80ab4:	d503201f 	nop
   80ab8:	d503201f 	nop
   80abc:	d503201f 	nop
   80ac0:	d503201f 	nop
   80ac4:	d503201f 	nop
   80ac8:	d503201f 	nop
   80acc:	d503201f 	nop
   80ad0:	d503201f 	nop
   80ad4:	d503201f 	nop
   80ad8:	d503201f 	nop
   80adc:	d503201f 	nop
   80ae0:	d503201f 	nop
   80ae4:	d503201f 	nop
   80ae8:	d503201f 	nop
   80aec:	d503201f 	nop
   80af0:	d503201f 	nop
   80af4:	d503201f 	nop
   80af8:	d503201f 	nop
   80afc:	d503201f 	nop
   80b00:	140000a1 	b	80d84 <sync_currentEL_spelx_EL1>
   80b04:	d503201f 	nop
   80b08:	d503201f 	nop
   80b0c:	d503201f 	nop
   80b10:	d503201f 	nop
   80b14:	d503201f 	nop
   80b18:	d503201f 	nop
   80b1c:	d503201f 	nop
   80b20:	d503201f 	nop
   80b24:	d503201f 	nop
   80b28:	d503201f 	nop
   80b2c:	d503201f 	nop
   80b30:	d503201f 	nop
   80b34:	d503201f 	nop
   80b38:	d503201f 	nop
   80b3c:	d503201f 	nop
   80b40:	d503201f 	nop
   80b44:	d503201f 	nop
   80b48:	d503201f 	nop
   80b4c:	d503201f 	nop
   80b50:	d503201f 	nop
   80b54:	d503201f 	nop
   80b58:	d503201f 	nop
   80b5c:	d503201f 	nop
   80b60:	d503201f 	nop
   80b64:	d503201f 	nop
   80b68:	d503201f 	nop
   80b6c:	d503201f 	nop
   80b70:	d503201f 	nop
   80b74:	d503201f 	nop
   80b78:	d503201f 	nop
   80b7c:	d503201f 	nop
   80b80:	140000d7 	b	80edc <sError_currentEL_spelx_EL1>
   80b84:	d503201f 	nop
   80b88:	d503201f 	nop
   80b8c:	d503201f 	nop
   80b90:	d503201f 	nop
   80b94:	d503201f 	nop
   80b98:	d503201f 	nop
   80b9c:	d503201f 	nop
   80ba0:	d503201f 	nop
   80ba4:	d503201f 	nop
   80ba8:	d503201f 	nop
   80bac:	d503201f 	nop
   80bb0:	d503201f 	nop
   80bb4:	d503201f 	nop
   80bb8:	d503201f 	nop
   80bbc:	d503201f 	nop
   80bc0:	d503201f 	nop
   80bc4:	d503201f 	nop
   80bc8:	d503201f 	nop
   80bcc:	d503201f 	nop
   80bd0:	d503201f 	nop
   80bd4:	d503201f 	nop
   80bd8:	d503201f 	nop
   80bdc:	d503201f 	nop
   80be0:	d503201f 	nop
   80be4:	d503201f 	nop
   80be8:	d503201f 	nop
   80bec:	d503201f 	nop
   80bf0:	d503201f 	nop
   80bf4:	d503201f 	nop
   80bf8:	d503201f 	nop
   80bfc:	d503201f 	nop
   80c00:	140000e2 	b	80f88 <sync_arch64_EL0>
   80c04:	d503201f 	nop
   80c08:	d503201f 	nop
   80c0c:	d503201f 	nop
   80c10:	d503201f 	nop
   80c14:	d503201f 	nop
   80c18:	d503201f 	nop
   80c1c:	d503201f 	nop
   80c20:	d503201f 	nop
   80c24:	d503201f 	nop
   80c28:	d503201f 	nop
   80c2c:	d503201f 	nop
   80c30:	d503201f 	nop
   80c34:	d503201f 	nop
   80c38:	d503201f 	nop
   80c3c:	d503201f 	nop
   80c40:	d503201f 	nop
   80c44:	d503201f 	nop
   80c48:	d503201f 	nop
   80c4c:	d503201f 	nop
   80c50:	d503201f 	nop
   80c54:	d503201f 	nop
   80c58:	d503201f 	nop
   80c5c:	d503201f 	nop
   80c60:	d503201f 	nop
   80c64:	d503201f 	nop
   80c68:	d503201f 	nop
   80c6c:	d503201f 	nop
   80c70:	d503201f 	nop
   80c74:	d503201f 	nop
   80c78:	d503201f 	nop
   80c7c:	d503201f 	nop
   80c80:	1400006c 	b	80e30 <irq_currentEL_spelx_EL1>
   80c84:	d503201f 	nop
   80c88:	d503201f 	nop
   80c8c:	d503201f 	nop
   80c90:	d503201f 	nop
   80c94:	d503201f 	nop
   80c98:	d503201f 	nop
   80c9c:	d503201f 	nop
   80ca0:	d503201f 	nop
   80ca4:	d503201f 	nop
   80ca8:	d503201f 	nop
   80cac:	d503201f 	nop
   80cb0:	d503201f 	nop
   80cb4:	d503201f 	nop
   80cb8:	d503201f 	nop
   80cbc:	d503201f 	nop
   80cc0:	d503201f 	nop
   80cc4:	d503201f 	nop
   80cc8:	d503201f 	nop
   80ccc:	d503201f 	nop
   80cd0:	d503201f 	nop
   80cd4:	d503201f 	nop
   80cd8:	d503201f 	nop
   80cdc:	d503201f 	nop
   80ce0:	d503201f 	nop
   80ce4:	d503201f 	nop
   80ce8:	d503201f 	nop
   80cec:	d503201f 	nop
   80cf0:	d503201f 	nop
   80cf4:	d503201f 	nop
   80cf8:	d503201f 	nop
   80cfc:	d503201f 	nop
   80d00:	140000a2 	b	80f88 <sync_arch64_EL0>
   80d04:	d503201f 	nop
   80d08:	d503201f 	nop
   80d0c:	d503201f 	nop
   80d10:	d503201f 	nop
   80d14:	d503201f 	nop
   80d18:	d503201f 	nop
   80d1c:	d503201f 	nop
   80d20:	d503201f 	nop
   80d24:	d503201f 	nop
   80d28:	d503201f 	nop
   80d2c:	d503201f 	nop
   80d30:	d503201f 	nop
   80d34:	d503201f 	nop
   80d38:	d503201f 	nop
   80d3c:	d503201f 	nop
   80d40:	d503201f 	nop
   80d44:	d503201f 	nop
   80d48:	d503201f 	nop
   80d4c:	d503201f 	nop
   80d50:	d503201f 	nop
   80d54:	d503201f 	nop
   80d58:	d503201f 	nop
   80d5c:	d503201f 	nop
   80d60:	d503201f 	nop
   80d64:	d503201f 	nop
   80d68:	d503201f 	nop
   80d6c:	d503201f 	nop
   80d70:	d503201f 	nop
   80d74:	d503201f 	nop
   80d78:	d503201f 	nop
   80d7c:	d503201f 	nop
   80d80:	14000082 	b	80f88 <sync_arch64_EL0>

0000000000080d84 <sync_currentEL_spelx_EL1>:
   80d84:	a94007e0 	ldp	x0, x1, [sp]
   80d88:	d538d080 	mrs	x0, tpidr_el1
   80d8c:	91018000 	add	x0, x0, #0x60
   80d90:	f9400000 	ldr	x0, [x0]
   80d94:	910003e1 	mov	x1, sp
   80d98:	9100001f 	mov	sp, x0
   80d9c:	a9000420 	stp	x0, x1, [x1]
   80da0:	d10403ff 	sub	sp, sp, #0x100
   80da4:	a90007e0 	stp	x0, x1, [sp]
   80da8:	a9010fe2 	stp	x2, x3, [sp, #16]
   80dac:	a90217e4 	stp	x4, x5, [sp, #32]
   80db0:	a9031fe6 	stp	x6, x7, [sp, #48]
   80db4:	a90427e8 	stp	x8, x9, [sp, #64]
   80db8:	a9052fea 	stp	x10, x11, [sp, #80]
   80dbc:	a90637ec 	stp	x12, x13, [sp, #96]
   80dc0:	a9073fee 	stp	x14, x15, [sp, #112]
   80dc4:	a90847f0 	stp	x16, x17, [sp, #128]
   80dc8:	a9094ff2 	stp	x18, x19, [sp, #144]
   80dcc:	a90a57f4 	stp	x20, x21, [sp, #160]
   80dd0:	a90b5ff6 	stp	x22, x23, [sp, #176]
   80dd4:	a90c67f8 	stp	x24, x25, [sp, #192]
   80dd8:	a90d6ffa 	stp	x26, x27, [sp, #208]
   80ddc:	a90e77fc 	stp	x28, x29, [sp, #224]
   80de0:	f9007bfe 	str	x30, [sp, #240]
   80de4:	940006eb 	bl	82990 <sync_exc1_handler>
   80de8:	a94007e0 	ldp	x0, x1, [sp]
   80dec:	a9410fe2 	ldp	x2, x3, [sp, #16]
   80df0:	a94217e4 	ldp	x4, x5, [sp, #32]
   80df4:	a9431fe6 	ldp	x6, x7, [sp, #48]
   80df8:	a94427e8 	ldp	x8, x9, [sp, #64]
   80dfc:	a9452fea 	ldp	x10, x11, [sp, #80]
   80e00:	a94637ec 	ldp	x12, x13, [sp, #96]
   80e04:	a9473fee 	ldp	x14, x15, [sp, #112]
   80e08:	a94847f0 	ldp	x16, x17, [sp, #128]
   80e0c:	a9494ff2 	ldp	x18, x19, [sp, #144]
   80e10:	a94a57f4 	ldp	x20, x21, [sp, #160]
   80e14:	a94b5ff6 	ldp	x22, x23, [sp, #176]
   80e18:	a94c67f8 	ldp	x24, x25, [sp, #192]
   80e1c:	a94d6ffa 	ldp	x26, x27, [sp, #208]
   80e20:	a94e77fc 	ldp	x28, x29, [sp, #224]
   80e24:	f9407bfe 	ldr	x30, [sp, #240]
   80e28:	910403ff 	add	sp, sp, #0x100
   80e2c:	d69f03e0 	eret

0000000000080e30 <irq_currentEL_spelx_EL1>:
   80e30:	a94007e0 	ldp	x0, x1, [sp]
   80e34:	d538d080 	mrs	x0, tpidr_el1
   80e38:	91018000 	add	x0, x0, #0x60
   80e3c:	f9400000 	ldr	x0, [x0]
   80e40:	910003e1 	mov	x1, sp
   80e44:	9100001f 	mov	sp, x0
   80e48:	a9000420 	stp	x0, x1, [x1]
   80e4c:	d10403ff 	sub	sp, sp, #0x100
   80e50:	a90007e0 	stp	x0, x1, [sp]
   80e54:	a9010fe2 	stp	x2, x3, [sp, #16]
   80e58:	a90217e4 	stp	x4, x5, [sp, #32]
   80e5c:	a9031fe6 	stp	x6, x7, [sp, #48]
   80e60:	a90427e8 	stp	x8, x9, [sp, #64]
   80e64:	a9052fea 	stp	x10, x11, [sp, #80]
   80e68:	a90637ec 	stp	x12, x13, [sp, #96]
   80e6c:	a9073fee 	stp	x14, x15, [sp, #112]
   80e70:	a90847f0 	stp	x16, x17, [sp, #128]
   80e74:	a9094ff2 	stp	x18, x19, [sp, #144]
   80e78:	a90a57f4 	stp	x20, x21, [sp, #160]
   80e7c:	a90b5ff6 	stp	x22, x23, [sp, #176]
   80e80:	a90c67f8 	stp	x24, x25, [sp, #192]
   80e84:	a90d6ffa 	stp	x26, x27, [sp, #208]
   80e88:	a90e77fc 	stp	x28, x29, [sp, #224]
   80e8c:	f9007bfe 	str	x30, [sp, #240]
   80e90:	940006d8 	bl	829f0 <irq_exc_handler>
   80e94:	a94007e0 	ldp	x0, x1, [sp]
   80e98:	a9410fe2 	ldp	x2, x3, [sp, #16]
   80e9c:	a94217e4 	ldp	x4, x5, [sp, #32]
   80ea0:	a9431fe6 	ldp	x6, x7, [sp, #48]
   80ea4:	a94427e8 	ldp	x8, x9, [sp, #64]
   80ea8:	a9452fea 	ldp	x10, x11, [sp, #80]
   80eac:	a94637ec 	ldp	x12, x13, [sp, #96]
   80eb0:	a9473fee 	ldp	x14, x15, [sp, #112]
   80eb4:	a94847f0 	ldp	x16, x17, [sp, #128]
   80eb8:	a9494ff2 	ldp	x18, x19, [sp, #144]
   80ebc:	a94a57f4 	ldp	x20, x21, [sp, #160]
   80ec0:	a94b5ff6 	ldp	x22, x23, [sp, #176]
   80ec4:	a94c67f8 	ldp	x24, x25, [sp, #192]
   80ec8:	a94d6ffa 	ldp	x26, x27, [sp, #208]
   80ecc:	a94e77fc 	ldp	x28, x29, [sp, #224]
   80ed0:	f9407bfe 	ldr	x30, [sp, #240]
   80ed4:	910403ff 	add	sp, sp, #0x100
   80ed8:	d69f03e0 	eret

0000000000080edc <sError_currentEL_spelx_EL1>:
   80edc:	a94007e0 	ldp	x0, x1, [sp]
   80ee0:	d538d080 	mrs	x0, tpidr_el1
   80ee4:	91018000 	add	x0, x0, #0x60
   80ee8:	f9400000 	ldr	x0, [x0]
   80eec:	910003e1 	mov	x1, sp
   80ef0:	9100001f 	mov	sp, x0
   80ef4:	a9000420 	stp	x0, x1, [x1]
   80ef8:	d10403ff 	sub	sp, sp, #0x100
   80efc:	a90007e0 	stp	x0, x1, [sp]
   80f00:	a9010fe2 	stp	x2, x3, [sp, #16]
   80f04:	a90217e4 	stp	x4, x5, [sp, #32]
   80f08:	a9031fe6 	stp	x6, x7, [sp, #48]
   80f0c:	a90427e8 	stp	x8, x9, [sp, #64]
   80f10:	a9052fea 	stp	x10, x11, [sp, #80]
   80f14:	a90637ec 	stp	x12, x13, [sp, #96]
   80f18:	a9073fee 	stp	x14, x15, [sp, #112]
   80f1c:	a90847f0 	stp	x16, x17, [sp, #128]
   80f20:	a9094ff2 	stp	x18, x19, [sp, #144]
   80f24:	a90a57f4 	stp	x20, x21, [sp, #160]
   80f28:	a90b5ff6 	stp	x22, x23, [sp, #176]
   80f2c:	a90c67f8 	stp	x24, x25, [sp, #192]
   80f30:	a90d6ffa 	stp	x26, x27, [sp, #208]
   80f34:	a90e77fc 	stp	x28, x29, [sp, #224]
   80f38:	f9007bfe 	str	x30, [sp, #240]
   80f3c:	940006bd 	bl	82a30 <SError_handler>
   80f40:	a94007e0 	ldp	x0, x1, [sp]
   80f44:	a9410fe2 	ldp	x2, x3, [sp, #16]
   80f48:	a94217e4 	ldp	x4, x5, [sp, #32]
   80f4c:	a9431fe6 	ldp	x6, x7, [sp, #48]
   80f50:	a94427e8 	ldp	x8, x9, [sp, #64]
   80f54:	a9452fea 	ldp	x10, x11, [sp, #80]
   80f58:	a94637ec 	ldp	x12, x13, [sp, #96]
   80f5c:	a9473fee 	ldp	x14, x15, [sp, #112]
   80f60:	a94847f0 	ldp	x16, x17, [sp, #128]
   80f64:	a9494ff2 	ldp	x18, x19, [sp, #144]
   80f68:	a94a57f4 	ldp	x20, x21, [sp, #160]
   80f6c:	a94b5ff6 	ldp	x22, x23, [sp, #176]
   80f70:	a94c67f8 	ldp	x24, x25, [sp, #192]
   80f74:	a94d6ffa 	ldp	x26, x27, [sp, #208]
   80f78:	a94e77fc 	ldp	x28, x29, [sp, #224]
   80f7c:	f9407bfe 	ldr	x30, [sp, #240]
   80f80:	910403ff 	add	sp, sp, #0x100
   80f84:	d69f03e0 	eret

0000000000080f88 <sync_arch64_EL0>:
   80f88:	a94007e0 	ldp	x0, x1, [sp]
   80f8c:	d538d080 	mrs	x0, tpidr_el1
   80f90:	91018000 	add	x0, x0, #0x60
   80f94:	f9400000 	ldr	x0, [x0]
   80f98:	910003e1 	mov	x1, sp
   80f9c:	9100001f 	mov	sp, x0
   80fa0:	a9000420 	stp	x0, x1, [x1]
   80fa4:	d10403ff 	sub	sp, sp, #0x100
   80fa8:	a90007e0 	stp	x0, x1, [sp]
   80fac:	a9010fe2 	stp	x2, x3, [sp, #16]
   80fb0:	a90217e4 	stp	x4, x5, [sp, #32]
   80fb4:	a9031fe6 	stp	x6, x7, [sp, #48]
   80fb8:	a90427e8 	stp	x8, x9, [sp, #64]
   80fbc:	a9052fea 	stp	x10, x11, [sp, #80]
   80fc0:	a90637ec 	stp	x12, x13, [sp, #96]
   80fc4:	a9073fee 	stp	x14, x15, [sp, #112]
   80fc8:	a90847f0 	stp	x16, x17, [sp, #128]
   80fcc:	a9094ff2 	stp	x18, x19, [sp, #144]
   80fd0:	a90a57f4 	stp	x20, x21, [sp, #160]
   80fd4:	a90b5ff6 	stp	x22, x23, [sp, #176]
   80fd8:	a90c67f8 	stp	x24, x25, [sp, #192]
   80fdc:	a90d6ffa 	stp	x26, x27, [sp, #208]
   80fe0:	a90e77fc 	stp	x28, x29, [sp, #224]
   80fe4:	f9007bfe 	str	x30, [sp, #240]
   80fe8:	94000652 	bl	82930 <sync_exc0_handler>
   80fec:	a94007e0 	ldp	x0, x1, [sp]
   80ff0:	a9410fe2 	ldp	x2, x3, [sp, #16]
   80ff4:	a94217e4 	ldp	x4, x5, [sp, #32]
   80ff8:	a9431fe6 	ldp	x6, x7, [sp, #48]
   80ffc:	a94427e8 	ldp	x8, x9, [sp, #64]
   81000:	a9452fea 	ldp	x10, x11, [sp, #80]
   81004:	a94637ec 	ldp	x12, x13, [sp, #96]
   81008:	a9473fee 	ldp	x14, x15, [sp, #112]
   8100c:	a94847f0 	ldp	x16, x17, [sp, #128]
   81010:	a9494ff2 	ldp	x18, x19, [sp, #144]
   81014:	a94a57f4 	ldp	x20, x21, [sp, #160]
   81018:	a94b5ff6 	ldp	x22, x23, [sp, #176]
   8101c:	a94c67f8 	ldp	x24, x25, [sp, #192]
   81020:	a94d6ffa 	ldp	x26, x27, [sp, #208]
   81024:	a94e77fc 	ldp	x28, x29, [sp, #224]
   81028:	f9407bfe 	ldr	x30, [sp, #240]
   8102c:	910403ff 	add	sp, sp, #0x100
   81030:	d69f03e0 	eret
   81034:	d503201f 	nop
   81038:	d503201f 	nop
   8103c:	d503201f 	nop
   81040:	d503201f 	nop
   81044:	d503201f 	nop
   81048:	d503201f 	nop
   8104c:	d503201f 	nop
   81050:	d503201f 	nop
   81054:	d503201f 	nop
   81058:	d503201f 	nop
   8105c:	d503201f 	nop
   81060:	d503201f 	nop
   81064:	d503201f 	nop
   81068:	d503201f 	nop
   8106c:	d503201f 	nop
   81070:	d503201f 	nop
   81074:	d503201f 	nop
   81078:	d503201f 	nop
   8107c:	d503201f 	nop
   81080:	d503201f 	nop
   81084:	d503201f 	nop
   81088:	d503201f 	nop
   8108c:	d503201f 	nop
   81090:	d503201f 	nop
   81094:	d503201f 	nop
   81098:	d503201f 	nop
   8109c:	d503201f 	nop
   810a0:	d503201f 	nop
   810a4:	d503201f 	nop
   810a8:	d503201f 	nop
   810ac:	d503201f 	nop
   810b0:	d503201f 	nop
   810b4:	d503201f 	nop
   810b8:	d503201f 	nop
   810bc:	d503201f 	nop
   810c0:	d503201f 	nop
   810c4:	d503201f 	nop
   810c8:	d503201f 	nop
   810cc:	d503201f 	nop
   810d0:	d503201f 	nop
   810d4:	d503201f 	nop
   810d8:	d503201f 	nop
   810dc:	d503201f 	nop
   810e0:	d503201f 	nop
   810e4:	d503201f 	nop
   810e8:	d503201f 	nop
   810ec:	d503201f 	nop
   810f0:	d503201f 	nop
   810f4:	d503201f 	nop
   810f8:	d503201f 	nop
   810fc:	d503201f 	nop
   81100:	d503201f 	nop
   81104:	d503201f 	nop
   81108:	d503201f 	nop
   8110c:	d503201f 	nop
   81110:	d503201f 	nop
   81114:	d503201f 	nop
   81118:	d503201f 	nop
   8111c:	d503201f 	nop
   81120:	d503201f 	nop
   81124:	d503201f 	nop
   81128:	d503201f 	nop
   8112c:	d503201f 	nop
   81130:	d503201f 	nop
   81134:	d503201f 	nop
   81138:	d503201f 	nop
   8113c:	d503201f 	nop
   81140:	d503201f 	nop
   81144:	d503201f 	nop
   81148:	d503201f 	nop
   8114c:	d503201f 	nop
   81150:	d503201f 	nop
   81154:	d503201f 	nop
   81158:	d503201f 	nop
   8115c:	d503201f 	nop
   81160:	d503201f 	nop
   81164:	d503201f 	nop
   81168:	d503201f 	nop
   8116c:	d503201f 	nop
   81170:	d503201f 	nop
   81174:	d503201f 	nop
   81178:	d503201f 	nop
   8117c:	d503201f 	nop
   81180:	d503201f 	nop
   81184:	d503201f 	nop
   81188:	d503201f 	nop
   8118c:	d503201f 	nop
   81190:	d503201f 	nop
   81194:	d503201f 	nop
   81198:	d503201f 	nop
   8119c:	d503201f 	nop
   811a0:	d503201f 	nop
   811a4:	d503201f 	nop
   811a8:	d503201f 	nop
   811ac:	d503201f 	nop
   811b0:	d503201f 	nop
   811b4:	d503201f 	nop
   811b8:	d503201f 	nop
   811bc:	d503201f 	nop
   811c0:	d503201f 	nop
   811c4:	d503201f 	nop
   811c8:	d503201f 	nop
   811cc:	d503201f 	nop
   811d0:	d503201f 	nop
   811d4:	d503201f 	nop
   811d8:	d503201f 	nop
   811dc:	d503201f 	nop
   811e0:	d503201f 	nop
   811e4:	d503201f 	nop
   811e8:	d503201f 	nop
   811ec:	d503201f 	nop
   811f0:	d503201f 	nop
   811f4:	d503201f 	nop
   811f8:	d503201f 	nop
   811fc:	d503201f 	nop
   81200:	d503201f 	nop
   81204:	d503201f 	nop
   81208:	d503201f 	nop
   8120c:	d503201f 	nop
   81210:	d503201f 	nop
   81214:	d503201f 	nop
   81218:	d503201f 	nop
   8121c:	d503201f 	nop
   81220:	d503201f 	nop
   81224:	d503201f 	nop
   81228:	d503201f 	nop
   8122c:	d503201f 	nop
   81230:	d503201f 	nop
   81234:	d503201f 	nop
   81238:	d503201f 	nop
   8123c:	d503201f 	nop
   81240:	d503201f 	nop
   81244:	d503201f 	nop
   81248:	d503201f 	nop
   8124c:	d503201f 	nop
   81250:	d503201f 	nop
   81254:	d503201f 	nop
   81258:	d503201f 	nop
   8125c:	d503201f 	nop
   81260:	d503201f 	nop
   81264:	d503201f 	nop
   81268:	d503201f 	nop
   8126c:	d503201f 	nop
   81270:	d503201f 	nop
   81274:	d503201f 	nop
   81278:	d503201f 	nop
   8127c:	d503201f 	nop
   81280:	d503201f 	nop
   81284:	d503201f 	nop
   81288:	d503201f 	nop
   8128c:	d503201f 	nop
   81290:	d503201f 	nop
   81294:	d503201f 	nop
   81298:	d503201f 	nop
   8129c:	d503201f 	nop
   812a0:	d503201f 	nop
   812a4:	d503201f 	nop
   812a8:	d503201f 	nop
   812ac:	d503201f 	nop
   812b0:	d503201f 	nop
   812b4:	d503201f 	nop
   812b8:	d503201f 	nop
   812bc:	d503201f 	nop
   812c0:	d503201f 	nop
   812c4:	d503201f 	nop
   812c8:	d503201f 	nop
   812cc:	d503201f 	nop
   812d0:	d503201f 	nop
   812d4:	d503201f 	nop
   812d8:	d503201f 	nop
   812dc:	d503201f 	nop
   812e0:	d503201f 	nop
   812e4:	d503201f 	nop
   812e8:	d503201f 	nop
   812ec:	d503201f 	nop
   812f0:	d503201f 	nop
   812f4:	d503201f 	nop
   812f8:	d503201f 	nop
   812fc:	d503201f 	nop
   81300:	d503201f 	nop
   81304:	d503201f 	nop
   81308:	d503201f 	nop
   8130c:	d503201f 	nop
   81310:	d503201f 	nop
   81314:	d503201f 	nop
   81318:	d503201f 	nop
   8131c:	d503201f 	nop
   81320:	d503201f 	nop
   81324:	d503201f 	nop
   81328:	d503201f 	nop
   8132c:	d503201f 	nop
   81330:	d503201f 	nop
   81334:	d503201f 	nop
   81338:	d503201f 	nop
   8133c:	d503201f 	nop
   81340:	d503201f 	nop
   81344:	d503201f 	nop
   81348:	d503201f 	nop
   8134c:	d503201f 	nop
   81350:	d503201f 	nop
   81354:	d503201f 	nop
   81358:	d503201f 	nop
   8135c:	d503201f 	nop
   81360:	d503201f 	nop
   81364:	d503201f 	nop
   81368:	d503201f 	nop
   8136c:	d503201f 	nop
   81370:	d503201f 	nop
   81374:	d503201f 	nop
   81378:	d503201f 	nop
   8137c:	d503201f 	nop
   81380:	d503201f 	nop
   81384:	d503201f 	nop
   81388:	d503201f 	nop
   8138c:	d503201f 	nop
   81390:	d503201f 	nop
   81394:	d503201f 	nop
   81398:	d503201f 	nop
   8139c:	d503201f 	nop
   813a0:	d503201f 	nop
   813a4:	d503201f 	nop
   813a8:	d503201f 	nop
   813ac:	d503201f 	nop
   813b0:	d503201f 	nop
   813b4:	d503201f 	nop
   813b8:	d503201f 	nop
   813bc:	d503201f 	nop
   813c0:	d503201f 	nop
   813c4:	d503201f 	nop
   813c8:	d503201f 	nop
   813cc:	d503201f 	nop
   813d0:	d503201f 	nop
   813d4:	d503201f 	nop
   813d8:	d503201f 	nop
   813dc:	d503201f 	nop
   813e0:	d503201f 	nop
   813e4:	d503201f 	nop
   813e8:	d503201f 	nop
   813ec:	d503201f 	nop
   813f0:	d503201f 	nop
   813f4:	d503201f 	nop
   813f8:	d503201f 	nop
   813fc:	d503201f 	nop
   81400:	d503201f 	nop
   81404:	d503201f 	nop
   81408:	d503201f 	nop
   8140c:	d503201f 	nop
   81410:	d503201f 	nop
   81414:	d503201f 	nop
   81418:	d503201f 	nop
   8141c:	d503201f 	nop
   81420:	d503201f 	nop
   81424:	d503201f 	nop
   81428:	d503201f 	nop
   8142c:	d503201f 	nop
   81430:	d503201f 	nop
   81434:	d503201f 	nop
   81438:	d503201f 	nop
   8143c:	d503201f 	nop
   81440:	d503201f 	nop
   81444:	d503201f 	nop
   81448:	d503201f 	nop
   8144c:	d503201f 	nop
   81450:	d503201f 	nop
   81454:	d503201f 	nop
   81458:	d503201f 	nop
   8145c:	d503201f 	nop
   81460:	d503201f 	nop
   81464:	d503201f 	nop
   81468:	d503201f 	nop
   8146c:	d503201f 	nop
   81470:	d503201f 	nop
   81474:	d503201f 	nop
   81478:	d503201f 	nop
   8147c:	d503201f 	nop
   81480:	d503201f 	nop
   81484:	d503201f 	nop
   81488:	d503201f 	nop
   8148c:	d503201f 	nop
   81490:	d503201f 	nop
   81494:	d503201f 	nop
   81498:	d503201f 	nop
   8149c:	d503201f 	nop
   814a0:	d503201f 	nop
   814a4:	d503201f 	nop
   814a8:	d503201f 	nop
   814ac:	d503201f 	nop
   814b0:	d503201f 	nop
   814b4:	d503201f 	nop
   814b8:	d503201f 	nop
   814bc:	d503201f 	nop
   814c0:	d503201f 	nop
   814c4:	d503201f 	nop
   814c8:	d503201f 	nop
   814cc:	d503201f 	nop
   814d0:	d503201f 	nop
   814d4:	d503201f 	nop
   814d8:	d503201f 	nop
   814dc:	d503201f 	nop
   814e0:	d503201f 	nop
   814e4:	d503201f 	nop
   814e8:	d503201f 	nop
   814ec:	d503201f 	nop
   814f0:	d503201f 	nop
   814f4:	d503201f 	nop
   814f8:	d503201f 	nop
   814fc:	d503201f 	nop
   81500:	d503201f 	nop
   81504:	d503201f 	nop
   81508:	d503201f 	nop
   8150c:	d503201f 	nop
   81510:	d503201f 	nop
   81514:	d503201f 	nop
   81518:	d503201f 	nop
   8151c:	d503201f 	nop
   81520:	d503201f 	nop
   81524:	d503201f 	nop
   81528:	d503201f 	nop
   8152c:	d503201f 	nop
   81530:	d503201f 	nop
   81534:	d503201f 	nop
   81538:	d503201f 	nop
   8153c:	d503201f 	nop
   81540:	d503201f 	nop
   81544:	d503201f 	nop
   81548:	d503201f 	nop
   8154c:	d503201f 	nop
   81550:	d503201f 	nop
   81554:	d503201f 	nop
   81558:	d503201f 	nop
   8155c:	d503201f 	nop
   81560:	d503201f 	nop
   81564:	d503201f 	nop
   81568:	d503201f 	nop
   8156c:	d503201f 	nop
   81570:	d503201f 	nop
   81574:	d503201f 	nop
   81578:	d503201f 	nop
   8157c:	d503201f 	nop
   81580:	d503201f 	nop
   81584:	d503201f 	nop
   81588:	d503201f 	nop
   8158c:	d503201f 	nop
   81590:	d503201f 	nop
   81594:	d503201f 	nop
   81598:	d503201f 	nop
   8159c:	d503201f 	nop
   815a0:	d503201f 	nop
   815a4:	d503201f 	nop
   815a8:	d503201f 	nop
   815ac:	d503201f 	nop
   815b0:	d503201f 	nop
   815b4:	d503201f 	nop
   815b8:	d503201f 	nop
   815bc:	d503201f 	nop
   815c0:	d503201f 	nop
   815c4:	d503201f 	nop
   815c8:	d503201f 	nop
   815cc:	d503201f 	nop
   815d0:	d503201f 	nop
   815d4:	d503201f 	nop
   815d8:	d503201f 	nop
   815dc:	d503201f 	nop
   815e0:	d503201f 	nop
   815e4:	d503201f 	nop
   815e8:	d503201f 	nop
   815ec:	d503201f 	nop
   815f0:	d503201f 	nop
   815f4:	d503201f 	nop
   815f8:	d503201f 	nop
   815fc:	d503201f 	nop
   81600:	d503201f 	nop
   81604:	d503201f 	nop
   81608:	d503201f 	nop
   8160c:	d503201f 	nop
   81610:	d503201f 	nop
   81614:	d503201f 	nop
   81618:	d503201f 	nop
   8161c:	d503201f 	nop
   81620:	d503201f 	nop
   81624:	d503201f 	nop
   81628:	d503201f 	nop
   8162c:	d503201f 	nop
   81630:	d503201f 	nop
   81634:	d503201f 	nop
   81638:	d503201f 	nop
   8163c:	d503201f 	nop
   81640:	d503201f 	nop
   81644:	d503201f 	nop
   81648:	d503201f 	nop
   8164c:	d503201f 	nop
   81650:	d503201f 	nop
   81654:	d503201f 	nop
   81658:	d503201f 	nop
   8165c:	d503201f 	nop
   81660:	d503201f 	nop
   81664:	d503201f 	nop
   81668:	d503201f 	nop
   8166c:	d503201f 	nop
   81670:	d503201f 	nop
   81674:	d503201f 	nop
   81678:	d503201f 	nop
   8167c:	d503201f 	nop
   81680:	d503201f 	nop
   81684:	d503201f 	nop
   81688:	d503201f 	nop
   8168c:	d503201f 	nop
   81690:	d503201f 	nop
   81694:	d503201f 	nop
   81698:	d503201f 	nop
   8169c:	d503201f 	nop
   816a0:	d503201f 	nop
   816a4:	d503201f 	nop
   816a8:	d503201f 	nop
   816ac:	d503201f 	nop
   816b0:	d503201f 	nop
   816b4:	d503201f 	nop
   816b8:	d503201f 	nop
   816bc:	d503201f 	nop
   816c0:	d503201f 	nop
   816c4:	d503201f 	nop
   816c8:	d503201f 	nop
   816cc:	d503201f 	nop
   816d0:	d503201f 	nop
   816d4:	d503201f 	nop
   816d8:	d503201f 	nop
   816dc:	d503201f 	nop
   816e0:	d503201f 	nop
   816e4:	d503201f 	nop
   816e8:	d503201f 	nop
   816ec:	d503201f 	nop
   816f0:	d503201f 	nop
   816f4:	d503201f 	nop
   816f8:	d503201f 	nop
   816fc:	d503201f 	nop
   81700:	d503201f 	nop
   81704:	d503201f 	nop
   81708:	d503201f 	nop
   8170c:	d503201f 	nop
   81710:	d503201f 	nop
   81714:	d503201f 	nop
   81718:	d503201f 	nop
   8171c:	d503201f 	nop
   81720:	d503201f 	nop
   81724:	d503201f 	nop
   81728:	d503201f 	nop
   8172c:	d503201f 	nop
   81730:	d503201f 	nop
   81734:	d503201f 	nop
   81738:	d503201f 	nop
   8173c:	d503201f 	nop
   81740:	d503201f 	nop
   81744:	d503201f 	nop
   81748:	d503201f 	nop
   8174c:	d503201f 	nop
   81750:	d503201f 	nop
   81754:	d503201f 	nop
   81758:	d503201f 	nop
   8175c:	d503201f 	nop
   81760:	d503201f 	nop
   81764:	d503201f 	nop
   81768:	d503201f 	nop
   8176c:	d503201f 	nop
   81770:	d503201f 	nop
   81774:	d503201f 	nop
   81778:	d503201f 	nop
   8177c:	d503201f 	nop
   81780:	d503201f 	nop
   81784:	d503201f 	nop
   81788:	d503201f 	nop
   8178c:	d503201f 	nop
   81790:	d503201f 	nop
   81794:	d503201f 	nop
   81798:	d503201f 	nop
   8179c:	d503201f 	nop
   817a0:	d503201f 	nop
   817a4:	d503201f 	nop
   817a8:	d503201f 	nop
   817ac:	d503201f 	nop
   817b0:	d503201f 	nop
   817b4:	d503201f 	nop
   817b8:	d503201f 	nop
   817bc:	d503201f 	nop
   817c0:	d503201f 	nop
   817c4:	d503201f 	nop
   817c8:	d503201f 	nop
   817cc:	d503201f 	nop
   817d0:	d503201f 	nop
   817d4:	d503201f 	nop
   817d8:	d503201f 	nop
   817dc:	d503201f 	nop
   817e0:	d503201f 	nop
   817e4:	d503201f 	nop
   817e8:	d503201f 	nop
   817ec:	d503201f 	nop
   817f0:	d503201f 	nop
   817f4:	d503201f 	nop
   817f8:	d503201f 	nop
   817fc:	d503201f 	nop

0000000000081800 <__vectors2>:
   81800:	140000e1 	b	81b84 <sync_currentEL_spelx_EL2>
   81804:	d503201f 	nop
   81808:	d503201f 	nop
   8180c:	d503201f 	nop
   81810:	d503201f 	nop
   81814:	d503201f 	nop
   81818:	d503201f 	nop
   8181c:	d503201f 	nop
   81820:	d503201f 	nop
   81824:	d503201f 	nop
   81828:	d503201f 	nop
   8182c:	d503201f 	nop
   81830:	d503201f 	nop
   81834:	d503201f 	nop
   81838:	d503201f 	nop
   8183c:	d503201f 	nop
   81840:	d503201f 	nop
   81844:	d503201f 	nop
   81848:	d503201f 	nop
   8184c:	d503201f 	nop
   81850:	d503201f 	nop
   81854:	d503201f 	nop
   81858:	d503201f 	nop
   8185c:	d503201f 	nop
   81860:	d503201f 	nop
   81864:	d503201f 	nop
   81868:	d503201f 	nop
   8186c:	d503201f 	nop
   81870:	d503201f 	nop
   81874:	d503201f 	nop
   81878:	d503201f 	nop
   8187c:	d503201f 	nop
   81880:	140000c1 	b	81b84 <sync_currentEL_spelx_EL2>
   81884:	d503201f 	nop
   81888:	d503201f 	nop
   8188c:	d503201f 	nop
   81890:	d503201f 	nop
   81894:	d503201f 	nop
   81898:	d503201f 	nop
   8189c:	d503201f 	nop
   818a0:	d503201f 	nop
   818a4:	d503201f 	nop
   818a8:	d503201f 	nop
   818ac:	d503201f 	nop
   818b0:	d503201f 	nop
   818b4:	d503201f 	nop
   818b8:	d503201f 	nop
   818bc:	d503201f 	nop
   818c0:	d503201f 	nop
   818c4:	d503201f 	nop
   818c8:	d503201f 	nop
   818cc:	d503201f 	nop
   818d0:	d503201f 	nop
   818d4:	d503201f 	nop
   818d8:	d503201f 	nop
   818dc:	d503201f 	nop
   818e0:	d503201f 	nop
   818e4:	d503201f 	nop
   818e8:	d503201f 	nop
   818ec:	d503201f 	nop
   818f0:	d503201f 	nop
   818f4:	d503201f 	nop
   818f8:	d503201f 	nop
   818fc:	d503201f 	nop
   81900:	140000a1 	b	81b84 <sync_currentEL_spelx_EL2>
   81904:	d503201f 	nop
   81908:	d503201f 	nop
   8190c:	d503201f 	nop
   81910:	d503201f 	nop
   81914:	d503201f 	nop
   81918:	d503201f 	nop
   8191c:	d503201f 	nop
   81920:	d503201f 	nop
   81924:	d503201f 	nop
   81928:	d503201f 	nop
   8192c:	d503201f 	nop
   81930:	d503201f 	nop
   81934:	d503201f 	nop
   81938:	d503201f 	nop
   8193c:	d503201f 	nop
   81940:	d503201f 	nop
   81944:	d503201f 	nop
   81948:	d503201f 	nop
   8194c:	d503201f 	nop
   81950:	d503201f 	nop
   81954:	d503201f 	nop
   81958:	d503201f 	nop
   8195c:	d503201f 	nop
   81960:	d503201f 	nop
   81964:	d503201f 	nop
   81968:	d503201f 	nop
   8196c:	d503201f 	nop
   81970:	d503201f 	nop
   81974:	d503201f 	nop
   81978:	d503201f 	nop
   8197c:	d503201f 	nop
   81980:	14000081 	b	81b84 <sync_currentEL_spelx_EL2>
   81984:	d503201f 	nop
   81988:	d503201f 	nop
   8198c:	d503201f 	nop
   81990:	d503201f 	nop
   81994:	d503201f 	nop
   81998:	d503201f 	nop
   8199c:	d503201f 	nop
   819a0:	d503201f 	nop
   819a4:	d503201f 	nop
   819a8:	d503201f 	nop
   819ac:	d503201f 	nop
   819b0:	d503201f 	nop
   819b4:	d503201f 	nop
   819b8:	d503201f 	nop
   819bc:	d503201f 	nop
   819c0:	d503201f 	nop
   819c4:	d503201f 	nop
   819c8:	d503201f 	nop
   819cc:	d503201f 	nop
   819d0:	d503201f 	nop
   819d4:	d503201f 	nop
   819d8:	d503201f 	nop
   819dc:	d503201f 	nop
   819e0:	d503201f 	nop
   819e4:	d503201f 	nop
   819e8:	d503201f 	nop
   819ec:	d503201f 	nop
   819f0:	d503201f 	nop
   819f4:	d503201f 	nop
   819f8:	d503201f 	nop
   819fc:	d503201f 	nop
   81a00:	14000061 	b	81b84 <sync_currentEL_spelx_EL2>
   81a04:	d503201f 	nop
   81a08:	d503201f 	nop
   81a0c:	d503201f 	nop
   81a10:	d503201f 	nop
   81a14:	d503201f 	nop
   81a18:	d503201f 	nop
   81a1c:	d503201f 	nop
   81a20:	d503201f 	nop
   81a24:	d503201f 	nop
   81a28:	d503201f 	nop
   81a2c:	d503201f 	nop
   81a30:	d503201f 	nop
   81a34:	d503201f 	nop
   81a38:	d503201f 	nop
   81a3c:	d503201f 	nop
   81a40:	d503201f 	nop
   81a44:	d503201f 	nop
   81a48:	d503201f 	nop
   81a4c:	d503201f 	nop
   81a50:	d503201f 	nop
   81a54:	d503201f 	nop
   81a58:	d503201f 	nop
   81a5c:	d503201f 	nop
   81a60:	d503201f 	nop
   81a64:	d503201f 	nop
   81a68:	d503201f 	nop
   81a6c:	d503201f 	nop
   81a70:	d503201f 	nop
   81a74:	d503201f 	nop
   81a78:	d503201f 	nop
   81a7c:	d503201f 	nop
   81a80:	1400006c 	b	81c30 <irq_currentEL_spelx_EL2>
   81a84:	d503201f 	nop
   81a88:	d503201f 	nop
   81a8c:	d503201f 	nop
   81a90:	d503201f 	nop
   81a94:	d503201f 	nop
   81a98:	d503201f 	nop
   81a9c:	d503201f 	nop
   81aa0:	d503201f 	nop
   81aa4:	d503201f 	nop
   81aa8:	d503201f 	nop
   81aac:	d503201f 	nop
   81ab0:	d503201f 	nop
   81ab4:	d503201f 	nop
   81ab8:	d503201f 	nop
   81abc:	d503201f 	nop
   81ac0:	d503201f 	nop
   81ac4:	d503201f 	nop
   81ac8:	d503201f 	nop
   81acc:	d503201f 	nop
   81ad0:	d503201f 	nop
   81ad4:	d503201f 	nop
   81ad8:	d503201f 	nop
   81adc:	d503201f 	nop
   81ae0:	d503201f 	nop
   81ae4:	d503201f 	nop
   81ae8:	d503201f 	nop
   81aec:	d503201f 	nop
   81af0:	d503201f 	nop
   81af4:	d503201f 	nop
   81af8:	d503201f 	nop
   81afc:	d503201f 	nop
   81b00:	14000021 	b	81b84 <sync_currentEL_spelx_EL2>
   81b04:	d503201f 	nop
   81b08:	d503201f 	nop
   81b0c:	d503201f 	nop
   81b10:	d503201f 	nop
   81b14:	d503201f 	nop
   81b18:	d503201f 	nop
   81b1c:	d503201f 	nop
   81b20:	d503201f 	nop
   81b24:	d503201f 	nop
   81b28:	d503201f 	nop
   81b2c:	d503201f 	nop
   81b30:	d503201f 	nop
   81b34:	d503201f 	nop
   81b38:	d503201f 	nop
   81b3c:	d503201f 	nop
   81b40:	d503201f 	nop
   81b44:	d503201f 	nop
   81b48:	d503201f 	nop
   81b4c:	d503201f 	nop
   81b50:	d503201f 	nop
   81b54:	d503201f 	nop
   81b58:	d503201f 	nop
   81b5c:	d503201f 	nop
   81b60:	d503201f 	nop
   81b64:	d503201f 	nop
   81b68:	d503201f 	nop
   81b6c:	d503201f 	nop
   81b70:	d503201f 	nop
   81b74:	d503201f 	nop
   81b78:	d503201f 	nop
   81b7c:	d503201f 	nop
   81b80:	14000057 	b	81cdc <sError_currentEL_spelx_EL2>

0000000000081b84 <sync_currentEL_spelx_EL2>:
   81b84:	a94007e0 	ldp	x0, x1, [sp]
   81b88:	d538d080 	mrs	x0, tpidr_el1
   81b8c:	91018000 	add	x0, x0, #0x60
   81b90:	f9400000 	ldr	x0, [x0]
   81b94:	910003e1 	mov	x1, sp
   81b98:	9100001f 	mov	sp, x0
   81b9c:	a9000420 	stp	x0, x1, [x1]
   81ba0:	d10403ff 	sub	sp, sp, #0x100
   81ba4:	a90007e0 	stp	x0, x1, [sp]
   81ba8:	a9010fe2 	stp	x2, x3, [sp, #16]
   81bac:	a90217e4 	stp	x4, x5, [sp, #32]
   81bb0:	a9031fe6 	stp	x6, x7, [sp, #48]
   81bb4:	a90427e8 	stp	x8, x9, [sp, #64]
   81bb8:	a9052fea 	stp	x10, x11, [sp, #80]
   81bbc:	a90637ec 	stp	x12, x13, [sp, #96]
   81bc0:	a9073fee 	stp	x14, x15, [sp, #112]
   81bc4:	a90847f0 	stp	x16, x17, [sp, #128]
   81bc8:	a9094ff2 	stp	x18, x19, [sp, #144]
   81bcc:	a90a57f4 	stp	x20, x21, [sp, #160]
   81bd0:	a90b5ff6 	stp	x22, x23, [sp, #176]
   81bd4:	a90c67f8 	stp	x24, x25, [sp, #192]
   81bd8:	a90d6ffa 	stp	x26, x27, [sp, #208]
   81bdc:	a90e77fc 	stp	x28, x29, [sp, #224]
   81be0:	f9007bfe 	str	x30, [sp, #240]
   81be4:	94000379 	bl	829c8 <sync_exc2_handler>
   81be8:	a94007e0 	ldp	x0, x1, [sp]
   81bec:	a9410fe2 	ldp	x2, x3, [sp, #16]
   81bf0:	a94217e4 	ldp	x4, x5, [sp, #32]
   81bf4:	a9431fe6 	ldp	x6, x7, [sp, #48]
   81bf8:	a94427e8 	ldp	x8, x9, [sp, #64]
   81bfc:	a9452fea 	ldp	x10, x11, [sp, #80]
   81c00:	a94637ec 	ldp	x12, x13, [sp, #96]
   81c04:	a9473fee 	ldp	x14, x15, [sp, #112]
   81c08:	a94847f0 	ldp	x16, x17, [sp, #128]
   81c0c:	a9494ff2 	ldp	x18, x19, [sp, #144]
   81c10:	a94a57f4 	ldp	x20, x21, [sp, #160]
   81c14:	a94b5ff6 	ldp	x22, x23, [sp, #176]
   81c18:	a94c67f8 	ldp	x24, x25, [sp, #192]
   81c1c:	a94d6ffa 	ldp	x26, x27, [sp, #208]
   81c20:	a94e77fc 	ldp	x28, x29, [sp, #224]
   81c24:	f9407bfe 	ldr	x30, [sp, #240]
   81c28:	910403ff 	add	sp, sp, #0x100
   81c2c:	d69f03e0 	eret

0000000000081c30 <irq_currentEL_spelx_EL2>:
   81c30:	a94007e0 	ldp	x0, x1, [sp]
   81c34:	d538d080 	mrs	x0, tpidr_el1
   81c38:	91018000 	add	x0, x0, #0x60
   81c3c:	f9400000 	ldr	x0, [x0]
   81c40:	910003e1 	mov	x1, sp
   81c44:	9100001f 	mov	sp, x0
   81c48:	a9000420 	stp	x0, x1, [x1]
   81c4c:	d10403ff 	sub	sp, sp, #0x100
   81c50:	a90007e0 	stp	x0, x1, [sp]
   81c54:	a9010fe2 	stp	x2, x3, [sp, #16]
   81c58:	a90217e4 	stp	x4, x5, [sp, #32]
   81c5c:	a9031fe6 	stp	x6, x7, [sp, #48]
   81c60:	a90427e8 	stp	x8, x9, [sp, #64]
   81c64:	a9052fea 	stp	x10, x11, [sp, #80]
   81c68:	a90637ec 	stp	x12, x13, [sp, #96]
   81c6c:	a9073fee 	stp	x14, x15, [sp, #112]
   81c70:	a90847f0 	stp	x16, x17, [sp, #128]
   81c74:	a9094ff2 	stp	x18, x19, [sp, #144]
   81c78:	a90a57f4 	stp	x20, x21, [sp, #160]
   81c7c:	a90b5ff6 	stp	x22, x23, [sp, #176]
   81c80:	a90c67f8 	stp	x24, x25, [sp, #192]
   81c84:	a90d6ffa 	stp	x26, x27, [sp, #208]
   81c88:	a90e77fc 	stp	x28, x29, [sp, #224]
   81c8c:	f9007bfe 	str	x30, [sp, #240]
   81c90:	94000358 	bl	829f0 <irq_exc_handler>
   81c94:	a94007e0 	ldp	x0, x1, [sp]
   81c98:	a9410fe2 	ldp	x2, x3, [sp, #16]
   81c9c:	a94217e4 	ldp	x4, x5, [sp, #32]
   81ca0:	a9431fe6 	ldp	x6, x7, [sp, #48]
   81ca4:	a94427e8 	ldp	x8, x9, [sp, #64]
   81ca8:	a9452fea 	ldp	x10, x11, [sp, #80]
   81cac:	a94637ec 	ldp	x12, x13, [sp, #96]
   81cb0:	a9473fee 	ldp	x14, x15, [sp, #112]
   81cb4:	a94847f0 	ldp	x16, x17, [sp, #128]
   81cb8:	a9494ff2 	ldp	x18, x19, [sp, #144]
   81cbc:	a94a57f4 	ldp	x20, x21, [sp, #160]
   81cc0:	a94b5ff6 	ldp	x22, x23, [sp, #176]
   81cc4:	a94c67f8 	ldp	x24, x25, [sp, #192]
   81cc8:	a94d6ffa 	ldp	x26, x27, [sp, #208]
   81ccc:	a94e77fc 	ldp	x28, x29, [sp, #224]
   81cd0:	f9407bfe 	ldr	x30, [sp, #240]
   81cd4:	910403ff 	add	sp, sp, #0x100
   81cd8:	d69f03e0 	eret

0000000000081cdc <sError_currentEL_spelx_EL2>:
   81cdc:	a94007e0 	ldp	x0, x1, [sp]
   81ce0:	d538d080 	mrs	x0, tpidr_el1
   81ce4:	91018000 	add	x0, x0, #0x60
   81ce8:	f9400000 	ldr	x0, [x0]
   81cec:	910003e1 	mov	x1, sp
   81cf0:	9100001f 	mov	sp, x0
   81cf4:	a9000420 	stp	x0, x1, [x1]
   81cf8:	d10403ff 	sub	sp, sp, #0x100
   81cfc:	a90007e0 	stp	x0, x1, [sp]
   81d00:	a9010fe2 	stp	x2, x3, [sp, #16]
   81d04:	a90217e4 	stp	x4, x5, [sp, #32]
   81d08:	a9031fe6 	stp	x6, x7, [sp, #48]
   81d0c:	a90427e8 	stp	x8, x9, [sp, #64]
   81d10:	a9052fea 	stp	x10, x11, [sp, #80]
   81d14:	a90637ec 	stp	x12, x13, [sp, #96]
   81d18:	a9073fee 	stp	x14, x15, [sp, #112]
   81d1c:	a90847f0 	stp	x16, x17, [sp, #128]
   81d20:	a9094ff2 	stp	x18, x19, [sp, #144]
   81d24:	a90a57f4 	stp	x20, x21, [sp, #160]
   81d28:	a90b5ff6 	stp	x22, x23, [sp, #176]
   81d2c:	a90c67f8 	stp	x24, x25, [sp, #192]
   81d30:	a90d6ffa 	stp	x26, x27, [sp, #208]
   81d34:	a90e77fc 	stp	x28, x29, [sp, #224]
   81d38:	f9007bfe 	str	x30, [sp, #240]
   81d3c:	9400033d 	bl	82a30 <SError_handler>
   81d40:	a94007e0 	ldp	x0, x1, [sp]
   81d44:	a9410fe2 	ldp	x2, x3, [sp, #16]
   81d48:	a94217e4 	ldp	x4, x5, [sp, #32]
   81d4c:	a9431fe6 	ldp	x6, x7, [sp, #48]
   81d50:	a94427e8 	ldp	x8, x9, [sp, #64]
   81d54:	a9452fea 	ldp	x10, x11, [sp, #80]
   81d58:	a94637ec 	ldp	x12, x13, [sp, #96]
   81d5c:	a9473fee 	ldp	x14, x15, [sp, #112]
   81d60:	a94847f0 	ldp	x16, x17, [sp, #128]
   81d64:	a9494ff2 	ldp	x18, x19, [sp, #144]
   81d68:	a94a57f4 	ldp	x20, x21, [sp, #160]
   81d6c:	a94b5ff6 	ldp	x22, x23, [sp, #176]
   81d70:	a94c67f8 	ldp	x24, x25, [sp, #192]
   81d74:	a94d6ffa 	ldp	x26, x27, [sp, #208]
   81d78:	a94e77fc 	ldp	x28, x29, [sp, #224]
   81d7c:	f9407bfe 	ldr	x30, [sp, #240]
   81d80:	910403ff 	add	sp, sp, #0x100
   81d84:	d69f03e0 	eret

0000000000081d88 <enable_interrupt>:
   81d88:	d5034fff 	msr	daifclr, #0xf
   81d8c:	d65f03c0 	ret

0000000000081d90 <disable_interrupt>:
   81d90:	d5034fdf 	msr	daifset, #0xf
   81d94:	d65f03c0 	ret

0000000000081d98 <enable_EL0_interrupt>:
   81d98:	d5384000 	mrs	x0, spsr_el1
   81d9c:	580005e1 	ldr	x1, 81e58 <fork+0xc>
   81da0:	8a010000 	and	x0, x0, x1
   81da4:	d5184000 	msr	spsr_el1, x0
   81da8:	d65f03c0 	ret

0000000000081dac <disable_EL0_interrupt>:
   81dac:	d5384000 	mrs	x0, spsr_el1
   81db0:	58000581 	ldr	x1, 81e60 <fork+0x14>
   81db4:	aa010000 	orr	x0, x0, x1
   81db8:	d5184000 	msr	spsr_el1, x0
   81dbc:	d65f03c0 	ret

0000000000081dc0 <brk_instr>:
   81dc0:	d4200020 	brk	#0x1
   81dc4:	d65f03c0 	ret

0000000000081dc8 <get_sync_exc_param_el1>:
   81dc8:	d5385209 	mrs	x9, esr_el1
   81dcc:	d538402a 	mrs	x10, elr_el1
   81dd0:	f9000009 	str	x9, [x0]
   81dd4:	f900002a 	str	x10, [x1]
   81dd8:	d65f03c0 	ret

0000000000081ddc <get_sync_exc_param_el2>:
   81ddc:	d53c5209 	mrs	x9, esr_el2
   81de0:	d53c402a 	mrs	x10, elr_el2
   81de4:	f9000009 	str	x9, [x0]
   81de8:	f900002a 	str	x10, [x1]
   81dec:	d65f03c0 	ret

0000000000081df0 <sleep>:
   81df0:	580003c0 	ldr	x0, 81e68 <fork+0x1c>

0000000000081df4 <loop>:
   81df4:	d1000400 	sub	x0, x0, #0x1
   81df8:	b5ffffe0 	cbnz	x0, 81df4 <loop>
   81dfc:	d65f03c0 	ret

0000000000081e00 <get_taskId>:
   81e00:	d2800008 	mov	x8, #0x0                   	// #0
   81e04:	d4000001 	svc	#0x0
   81e08:	d65f03c0 	ret

0000000000081e0c <sched_yield>:
   81e0c:	d2800028 	mov	x8, #0x1                   	// #1
   81e10:	d4000001 	svc	#0x0
   81e14:	d65f03c0 	ret

0000000000081e18 <uart_write>:
   81e18:	d2800048 	mov	x8, #0x2                   	// #2
   81e1c:	aa0003e9 	mov	x9, x0
   81e20:	d4000001 	svc	#0x0
   81e24:	d65f03c0 	ret

0000000000081e28 <uart_read>:
   81e28:	d2800068 	mov	x8, #0x3                   	// #3
   81e2c:	aa0003e9 	mov	x9, x0
   81e30:	aa0103ea 	mov	x10, x1
   81e34:	d4000001 	svc	#0x0
   81e38:	d65f03c0 	ret

0000000000081e3c <exec>:
   81e3c:	d2800088 	mov	x8, #0x4                   	// #4
   81e40:	aa0003e9 	mov	x9, x0
   81e44:	d4000001 	svc	#0x0
   81e48:	d65f03c0 	ret

0000000000081e4c <fork>:
   81e4c:	d28000a8 	mov	x8, #0x5                   	// #5
   81e50:	d4000001 	svc	#0x0
   81e54:	d65f03c0 	ret
   81e58:	0000fc3f 	.word	0x0000fc3f
   81e5c:	00000000 	.word	0x00000000
   81e60:	000003c0 	.word	0x000003c0
   81e64:	00000000 	.word	0x00000000
   81e68:	01ffffff 	.word	0x01ffffff
   81e6c:	00000000 	.word	0x00000000

0000000000081e70 <switch_to>:
   81e70:	a9005013 	stp	x19, x20, [x0]
   81e74:	a9015815 	stp	x21, x22, [x0, #16]
   81e78:	a9026017 	stp	x23, x24, [x0, #32]
   81e7c:	a9036819 	stp	x25, x26, [x0, #48]
   81e80:	a904701b 	stp	x27, x28, [x0, #64]
   81e84:	a905781d 	stp	x29, x30, [x0, #80]
   81e88:	910003e9 	mov	x9, sp
   81e8c:	f9003009 	str	x9, [x0, #96]
   81e90:	a9405033 	ldp	x19, x20, [x1]
   81e94:	a9415835 	ldp	x21, x22, [x1, #16]
   81e98:	a9426037 	ldp	x23, x24, [x1, #32]
   81e9c:	a9436839 	ldp	x25, x26, [x1, #48]
   81ea0:	a944703b 	ldp	x27, x28, [x1, #64]
   81ea4:	a945783d 	ldp	x29, x30, [x1, #80]
   81ea8:	f9403029 	ldr	x9, [x1, #96]
   81eac:	9100013f 	mov	sp, x9
   81eb0:	d65f03c0 	ret

0000000000081eb4 <get_cur_task>:
   81eb4:	d538d080 	mrs	x0, tpidr_el1
   81eb8:	d65f03c0 	ret

0000000000081ebc <set_cur_task>:
   81ebc:	d518d080 	msr	tpidr_el1, x0
   81ec0:	d65f03c0 	ret

0000000000081ec4 <go_to>:
   81ec4:	a945781d 	ldp	x29, x30, [x0, #80]
   81ec8:	f9403009 	ldr	x9, [x0, #96]
   81ecc:	9100013f 	mov	sp, x9
   81ed0:	d65f03c0 	ret

0000000000081ed4 <store_umode_lr_sp>:
   81ed4:	d5384029 	mrs	x9, elr_el1
   81ed8:	d538410a 	mrs	x10, sp_el0
   81edc:	f9000009 	str	x9, [x0]
   81ee0:	f900002a 	str	x10, [x1]
   81ee4:	d65f03c0 	ret

0000000000081ee8 <restore_umode_lr_sp>:
   81ee8:	d5184020 	msr	elr_el1, x0
   81eec:	d5184101 	msr	sp_el0, x1
   81ef0:	d65f03c0 	ret

0000000000081ef4 <restore_all_reg>:
   81ef4:	a94007e0 	ldp	x0, x1, [sp]
   81ef8:	a9410fe2 	ldp	x2, x3, [sp, #16]
   81efc:	a94217e4 	ldp	x4, x5, [sp, #32]
   81f00:	a9431fe6 	ldp	x6, x7, [sp, #48]
   81f04:	a94427e8 	ldp	x8, x9, [sp, #64]
   81f08:	a9452fea 	ldp	x10, x11, [sp, #80]
   81f0c:	a94637ec 	ldp	x12, x13, [sp, #96]
   81f10:	a9473fee 	ldp	x14, x15, [sp, #112]
   81f14:	a94847f0 	ldp	x16, x17, [sp, #128]
   81f18:	a9494ff2 	ldp	x18, x19, [sp, #144]
   81f1c:	a94a57f4 	ldp	x20, x21, [sp, #160]
   81f20:	a94b5ff6 	ldp	x22, x23, [sp, #176]
   81f24:	a94c67f8 	ldp	x24, x25, [sp, #192]
   81f28:	a94d6ffa 	ldp	x26, x27, [sp, #208]
   81f2c:	a94e77fc 	ldp	x28, x29, [sp, #224]
   81f30:	f9407bfe 	ldr	x30, [sp, #240]
   81f34:	910403ff 	add	sp, sp, #0x100
   81f38:	d69f03e0 	eret
   81f3c:	00000000 	.inst	0x00000000 ; undefined

0000000000081f40 <uart_init>:
   81f40:	d28a0081 	mov	x1, #0x5004                	// #20484
   81f44:	d28a0c04 	mov	x4, #0x5060                	// #20576
   81f48:	f2a7e421 	movk	x1, #0x3f21, lsl #16
   81f4c:	f2a7e424 	movk	x4, #0x3f21, lsl #16
   81f50:	d28a0986 	mov	x6, #0x504c                	// #20556
   81f54:	d28a0a05 	mov	x5, #0x5050                	// #20560
   81f58:	b9400020 	ldr	w0, [x1]
   81f5c:	f2a7e426 	movk	x6, #0x3f21, lsl #16
   81f60:	f2a7e425 	movk	x5, #0x3f21, lsl #16
   81f64:	d28a0882 	mov	x2, #0x5044                	// #20548
   81f68:	32000000 	orr	w0, w0, #0x1
   81f6c:	b9000020 	str	w0, [x1]
   81f70:	b900009f 	str	wzr, [x4]
   81f74:	f2a7e422 	movk	x2, #0x3f21, lsl #16
   81f78:	52800067 	mov	w7, #0x3                   	// #3
   81f7c:	d28a0903 	mov	x3, #0x5048                	// #20552
   81f80:	b90000c7 	str	w7, [x6]
   81f84:	f2a7e423 	movk	x3, #0x3f21, lsl #16
   81f88:	b90000bf 	str	wzr, [x5]
   81f8c:	d28a0d00 	mov	x0, #0x5068                	// #20584
   81f90:	f2a7e420 	movk	x0, #0x3f21, lsl #16
   81f94:	52801fe4 	mov	w4, #0xff                  	// #255
   81f98:	b9000044 	str	w4, [x2]
   81f9c:	528018c1 	mov	w1, #0xc6                  	// #198
   81fa0:	d2800082 	mov	x2, #0x4                   	// #4
   81fa4:	b9000061 	str	w1, [x3]
   81fa8:	f2a7e402 	movk	x2, #0x3f20, lsl #16
   81fac:	528021c1 	mov	w1, #0x10e                 	// #270
   81fb0:	b9000001 	str	w1, [x0]
   81fb4:	d2801283 	mov	x3, #0x94                  	// #148
   81fb8:	52840004 	mov	w4, #0x2000                	// #8192
   81fbc:	f2a7e403 	movk	x3, #0x3f20, lsl #16
   81fc0:	b9400041 	ldr	w1, [x2]
   81fc4:	72a00024 	movk	w4, #0x1, lsl #16
   81fc8:	528012c0 	mov	w0, #0x96                  	// #150
   81fcc:	120e6421 	and	w1, w1, #0xfffc0fff
   81fd0:	2a040021 	orr	w1, w1, w4
   81fd4:	b9000041 	str	w1, [x2]
   81fd8:	b900007f 	str	wzr, [x3]
   81fdc:	d503201f 	nop
   81fe0:	d503201f 	nop
   81fe4:	71000400 	subs	w0, w0, #0x1
   81fe8:	54ffffc1 	b.ne	81fe0 <uart_init+0xa0>  // b.any
   81fec:	d2801301 	mov	x1, #0x98                  	// #152
   81ff0:	52980002 	mov	w2, #0xc000                	// #49152
   81ff4:	f2a7e401 	movk	x1, #0x3f20, lsl #16
   81ff8:	528012c0 	mov	w0, #0x96                  	// #150
   81ffc:	b9000022 	str	w2, [x1]
   82000:	d503201f 	nop
   82004:	71000400 	subs	w0, w0, #0x1
   82008:	54ffffc1 	b.ne	82000 <uart_init+0xc0>  // b.any
   8200c:	d2801302 	mov	x2, #0x98                  	// #152
   82010:	d28a0c00 	mov	x0, #0x5060                	// #20576
   82014:	f2a7e402 	movk	x2, #0x3f20, lsl #16
   82018:	f2a7e420 	movk	x0, #0x3f21, lsl #16
   8201c:	52800061 	mov	w1, #0x3                   	// #3
   82020:	b900005f 	str	wzr, [x2]
   82024:	b9000001 	str	w1, [x0]
   82028:	d65f03c0 	ret
   8202c:	d503201f 	nop

0000000000082030 <uart_send>:
   82030:	d28a0a82 	mov	x2, #0x5054                	// #20564
   82034:	f2a7e422 	movk	x2, #0x3f21, lsl #16
   82038:	d503201f 	nop
   8203c:	b9400041 	ldr	w1, [x2]
   82040:	362fffc1 	tbz	w1, #5, 82038 <uart_send+0x8>
   82044:	d28a0801 	mov	x1, #0x5040                	// #20544
   82048:	f2a7e421 	movk	x1, #0x3f21, lsl #16
   8204c:	b9000020 	str	w0, [x1]
   82050:	d65f03c0 	ret
   82054:	d503201f 	nop

0000000000082058 <uart_getc>:
   82058:	d28a0a81 	mov	x1, #0x5054                	// #20564
   8205c:	f2a7e421 	movk	x1, #0x3f21, lsl #16
   82060:	d503201f 	nop
   82064:	b9400020 	ldr	w0, [x1]
   82068:	3607ffc0 	tbz	w0, #0, 82060 <uart_getc+0x8>
   8206c:	d28a0800 	mov	x0, #0x5040                	// #20544
   82070:	52800141 	mov	w1, #0xa                   	// #10
   82074:	f2a7e420 	movk	x0, #0x3f21, lsl #16
   82078:	b9400000 	ldr	w0, [x0]
   8207c:	12001c00 	and	w0, w0, #0xff
   82080:	7100341f 	cmp	w0, #0xd
   82084:	1a811000 	csel	w0, w0, w1, ne  // ne = any
   82088:	d65f03c0 	ret
   8208c:	d503201f 	nop

0000000000082090 <uart_puts>:
   82090:	39400001 	ldrb	w1, [x0]
   82094:	34000221 	cbz	w1, 820d8 <uart_puts+0x48>
   82098:	d28a0a82 	mov	x2, #0x5054                	// #20564
   8209c:	d28a0804 	mov	x4, #0x5040                	// #20544
   820a0:	f2a7e422 	movk	x2, #0x3f21, lsl #16
   820a4:	f2a7e424 	movk	x4, #0x3f21, lsl #16
   820a8:	528001a5 	mov	w5, #0xd                   	// #13
   820ac:	d503201f 	nop
   820b0:	7100283f 	cmp	w1, #0xa
   820b4:	54000140 	b.eq	820dc <uart_puts+0x4c>  // b.none
   820b8:	38401403 	ldrb	w3, [x0], #1
   820bc:	d503201f 	nop
   820c0:	d503201f 	nop
   820c4:	b9400041 	ldr	w1, [x2]
   820c8:	362fffc1 	tbz	w1, #5, 820c0 <uart_puts+0x30>
   820cc:	b9000083 	str	w3, [x4]
   820d0:	39400001 	ldrb	w1, [x0]
   820d4:	35fffee1 	cbnz	w1, 820b0 <uart_puts+0x20>
   820d8:	d65f03c0 	ret
   820dc:	d503201f 	nop
   820e0:	b9400041 	ldr	w1, [x2]
   820e4:	362fffc1 	tbz	w1, #5, 820dc <uart_puts+0x4c>
   820e8:	b9000085 	str	w5, [x4]
   820ec:	17fffff3 	b	820b8 <uart_puts+0x28>

00000000000820f0 <uart_hex>:
   820f0:	d28a0a82 	mov	x2, #0x5054                	// #20564
   820f4:	d28a0805 	mov	x5, #0x5040                	// #20544
   820f8:	52800383 	mov	w3, #0x1c                  	// #28
   820fc:	528006e7 	mov	w7, #0x37                  	// #55
   82100:	52800606 	mov	w6, #0x30                  	// #48
   82104:	f2a7e422 	movk	x2, #0x3f21, lsl #16
   82108:	f2a7e425 	movk	x5, #0x3f21, lsl #16
   8210c:	d503201f 	nop
   82110:	1ac32401 	lsr	w1, w0, w3
   82114:	12000c21 	and	w1, w1, #0xf
   82118:	7100243f 	cmp	w1, #0x9
   8211c:	1a8680e4 	csel	w4, w7, w6, hi  // hi = pmore
   82120:	0b010084 	add	w4, w4, w1
   82124:	d503201f 	nop
   82128:	d503201f 	nop
   8212c:	b9400041 	ldr	w1, [x2]
   82130:	362fffc1 	tbz	w1, #5, 82128 <uart_hex+0x38>
   82134:	b90000a4 	str	w4, [x5]
   82138:	51001063 	sub	w3, w3, #0x4
   8213c:	3100107f 	cmn	w3, #0x4
   82140:	54fffe81 	b.ne	82110 <uart_hex+0x20>  // b.any
   82144:	d65f03c0 	ret

0000000000082148 <enable_miniUART_interrupt>:
   82148:	d2964201 	mov	x1, #0xb210                	// #45584
   8214c:	f2a7e001 	movk	x1, #0x3f00, lsl #16
   82150:	b9400020 	ldr	w0, [x1]
   82154:	32030000 	orr	w0, w0, #0x20000000
   82158:	b9000020 	str	w0, [x1]
   8215c:	d65f03c0 	ret

0000000000082160 <disable_miniUART_interrupt>:
   82160:	d2964381 	mov	x1, #0xb21c                	// #45596
   82164:	f2a7e001 	movk	x1, #0x3f00, lsl #16
   82168:	b9400020 	ldr	w0, [x1]
   8216c:	32030000 	orr	w0, w0, #0x20000000
   82170:	b9000020 	str	w0, [x1]
   82174:	d65f03c0 	ret

0000000000082178 <show_interrupt_status>:
   82178:	d28a0900 	mov	x0, #0x5048                	// #20552
   8217c:	f2a7e420 	movk	x0, #0x3f21, lsl #16
   82180:	b9400006 	ldr	w6, [x0]
   82184:	36000046 	tbz	w6, #0, 8218c <show_interrupt_status+0x14>
   82188:	d65f03c0 	ret
   8218c:	a9bf7bfd 	stp	x29, x30, [sp, #-16]!
   82190:	90000000 	adrp	x0, 82000 <uart_init+0xc0>
   82194:	913a2000 	add	x0, x0, #0xe88
   82198:	910003fd 	mov	x29, sp
   8219c:	97ffffbd 	bl	82090 <uart_puts>
   821a0:	710308df 	cmp	w6, #0xc2
   821a4:	54000140 	b.eq	821cc <show_interrupt_status+0x54>  // b.none
   821a8:	710310df 	cmp	w6, #0xc4
   821ac:	54000180 	b.eq	821dc <show_interrupt_status+0x64>  // b.none
   821b0:	d2964381 	mov	x1, #0xb21c                	// #45596
   821b4:	f2a7e001 	movk	x1, #0x3f00, lsl #16
   821b8:	b9400020 	ldr	w0, [x1]
   821bc:	32030000 	orr	w0, w0, #0x20000000
   821c0:	b9000020 	str	w0, [x1]
   821c4:	a8c17bfd 	ldp	x29, x30, [sp], #16
   821c8:	d65f03c0 	ret
   821cc:	90000000 	adrp	x0, 82000 <uart_init+0xc0>
   821d0:	913a8000 	add	x0, x0, #0xea0
   821d4:	97ffffaf 	bl	82090 <uart_puts>
   821d8:	17fffff6 	b	821b0 <show_interrupt_status+0x38>
   821dc:	90000000 	adrp	x0, 82000 <uart_init+0xc0>
   821e0:	913b2000 	add	x0, x0, #0xec8
   821e4:	97ffffab 	bl	82090 <uart_puts>
   821e8:	17fffff2 	b	821b0 <show_interrupt_status+0x38>
   821ec:	00000000 	.inst	0x00000000 ; undefined

00000000000821f0 <init_Queue>:
   821f0:	f900201f 	str	xzr, [x0, #64]
   821f4:	b900481f 	str	wzr, [x0, #72]
   821f8:	d65f03c0 	ret
   821fc:	d503201f 	nop

0000000000082200 <isEmpty>:
   82200:	29480402 	ldp	w2, w1, [x0, #64]
   82204:	6b01005f 	cmp	w2, w1
   82208:	54000060 	b.eq	82214 <isEmpty+0x14>  // b.none
   8220c:	52800000 	mov	w0, #0x0                   	// #0
   82210:	d65f03c0 	ret
   82214:	b9404800 	ldr	w0, [x0, #72]
   82218:	7100001f 	cmp	w0, #0x0
   8221c:	1a9f17e0 	cset	w0, eq  // eq = none
   82220:	d65f03c0 	ret
   82224:	d503201f 	nop

0000000000082228 <enQueue>:
   82228:	b9404802 	ldr	w2, [x0, #72]
   8222c:	350001e2 	cbnz	w2, 82268 <enQueue+0x40>
   82230:	29480c04 	ldp	w4, w3, [x0, #64]
   82234:	11000463 	add	w3, w3, #0x1
   82238:	6b0303e2 	negs	w2, w3
   8223c:	12000c63 	and	w3, w3, #0xf
   82240:	12000c42 	and	w2, w2, #0xf
   82244:	5a824462 	csneg	w2, w3, w2, mi  // mi = first
   82248:	b9004402 	str	w2, [x0, #68]
   8224c:	6b04005f 	cmp	w2, w4
   82250:	b822d801 	str	w1, [x0, w2, sxtw #2]
   82254:	54000040 	b.eq	8225c <enQueue+0x34>  // b.none
   82258:	d65f03c0 	ret
   8225c:	52800021 	mov	w1, #0x1                   	// #1
   82260:	b9004801 	str	w1, [x0, #72]
   82264:	d65f03c0 	ret
   82268:	90000000 	adrp	x0, 82000 <uart_init+0xc0>
   8226c:	913ba000 	add	x0, x0, #0xee8
   82270:	17ffff88 	b	82090 <uart_puts>
   82274:	d503201f 	nop

0000000000082278 <deQueue>:
   82278:	29480801 	ldp	w1, w2, [x0, #64]
   8227c:	6b02003f 	cmp	w1, w2
   82280:	54000140 	b.eq	822a8 <deQueue+0x30>  // b.none
   82284:	11000421 	add	w1, w1, #0x1
   82288:	b900481f 	str	wzr, [x0, #72]
   8228c:	6b0103e2 	negs	w2, w1
   82290:	12000c21 	and	w1, w1, #0xf
   82294:	12000c42 	and	w2, w2, #0xf
   82298:	5a824421 	csneg	w1, w1, w2, mi  // mi = first
   8229c:	b9004001 	str	w1, [x0, #64]
   822a0:	b861d800 	ldr	w0, [x0, w1, sxtw #2]
   822a4:	d65f03c0 	ret
   822a8:	b9404802 	ldr	w2, [x0, #72]
   822ac:	35fffec2 	cbnz	w2, 82284 <deQueue+0xc>
   822b0:	a9bf7bfd 	stp	x29, x30, [sp, #-16]!
   822b4:	90000000 	adrp	x0, 82000 <uart_init+0xc0>
   822b8:	913c0000 	add	x0, x0, #0xf00
   822bc:	910003fd 	mov	x29, sp
   822c0:	97ffff74 	bl	82090 <uart_puts>
   822c4:	12800000 	mov	w0, #0xffffffff            	// #-1
   822c8:	a8c17bfd 	ldp	x29, x30, [sp], #16
   822cc:	d65f03c0 	ret

00000000000822d0 <privilege_task_create>:
   822d0:	a9be7bfd 	stp	x29, x30, [sp, #-32]!
   822d4:	d0000006 	adrp	x6, 84000 <idle_pcb>
   822d8:	d0000007 	adrp	x7, 84000 <idle_pcb>
   822dc:	d0000002 	adrp	x2, 84000 <idle_pcb>
   822e0:	910003fd 	mov	x29, sp
   822e4:	f9000bf3 	str	x19, [sp, #16]
   822e8:	d0000013 	adrp	x19, 84000 <idle_pcb>
   822ec:	f94018c6 	ldr	x6, [x6, #48]
   822f0:	b9406261 	ldr	w1, [x19, #96]
   822f4:	f94020e7 	ldr	x7, [x7, #64]
   822f8:	f9400849 	ldr	x9, [x2, #16]
   822fc:	93407c25 	sxtw	x5, w1
   82300:	914004e4 	add	x4, x7, #0x1, lsl #12
   82304:	8b051cc6 	add	x6, x6, x5, lsl #7
   82308:	d374cca5 	lsl	x5, x5, #12
   8230c:	913ffca8 	add	x8, x5, #0xfff
   82310:	8b050084 	add	x4, x4, x5
   82314:	8b0700a3 	add	x3, x5, x7
   82318:	8b070107 	add	x7, x8, x7
   8231c:	8b090108 	add	x8, x8, x9
   82320:	a9059cc0 	stp	x0, x7, [x6, #88]
   82324:	f90034c8 	str	x8, [x6, #104]
   82328:	b90078c1 	str	w1, [x6, #120]
   8232c:	d503201f 	nop
   82330:	3800147f 	strb	wzr, [x3], #1
   82334:	eb04007f 	cmp	x3, x4
   82338:	54ffffc1 	b.ne	82330 <privilege_task_create+0x60>  // b.any
   8233c:	f9400840 	ldr	x0, [x2, #16]
   82340:	91400402 	add	x2, x0, #0x1, lsl #12
   82344:	8b0000a0 	add	x0, x5, x0
   82348:	8b050042 	add	x2, x2, x5
   8234c:	d503201f 	nop
   82350:	3800141f 	strb	wzr, [x0], #1
   82354:	eb02001f 	cmp	x0, x2
   82358:	54ffffc1 	b.ne	82350 <privilege_task_create+0x80>  // b.any
   8235c:	d0000000 	adrp	x0, 84000 <idle_pcb>
   82360:	f9401000 	ldr	x0, [x0, #32]
   82364:	97ffffb1 	bl	82228 <enQueue>
   82368:	b9406260 	ldr	w0, [x19, #96]
   8236c:	11000400 	add	w0, w0, #0x1
   82370:	b9006260 	str	w0, [x19, #96]
   82374:	f9400bf3 	ldr	x19, [sp, #16]
   82378:	a8c27bfd 	ldp	x29, x30, [sp], #32
   8237c:	d65f03c0 	ret

0000000000082380 <do_exec>:
   82380:	a9be7bfd 	stp	x29, x30, [sp, #-32]!
   82384:	910003fd 	mov	x29, sp
   82388:	f9000bf3 	str	x19, [sp, #16]
   8238c:	aa0003f3 	mov	x19, x0
   82390:	97fffec9 	bl	81eb4 <get_cur_task>
   82394:	f9003813 	str	x19, [x0, #112]
   82398:	f9403400 	ldr	x0, [x0, #104]
   8239c:	d5184033 	msr	elr_el1, x19
   823a0:	d5184100 	msr	sp_el0, x0
   823a4:	d69f03e0 	eret
   823a8:	f9400bf3 	ldr	x19, [sp, #16]
   823ac:	a8c27bfd 	ldp	x29, x30, [sp], #32
   823b0:	d65f03c0 	ret
   823b4:	d503201f 	nop

00000000000823b8 <context_switch>:
   823b8:	a9be7bfd 	stp	x29, x30, [sp, #-32]!
   823bc:	910003fd 	mov	x29, sp
   823c0:	a90153f3 	stp	x19, x20, [sp, #16]
   823c4:	2a0003f3 	mov	w19, w0
   823c8:	97fffebb 	bl	81eb4 <get_cur_task>
   823cc:	aa0003f4 	mov	x20, x0
   823d0:	d0000000 	adrp	x0, 84000 <idle_pcb>
   823d4:	93797e73 	sbfiz	x19, x19, #7, #32
   823d8:	b9407a81 	ldr	w1, [x20, #120]
   823dc:	f9401000 	ldr	x0, [x0, #32]
   823e0:	97ffff92 	bl	82228 <enQueue>
   823e4:	d0000001 	adrp	x1, 84000 <idle_pcb>
   823e8:	f9401821 	ldr	x1, [x1, #48]
   823ec:	8b010273 	add	x19, x19, x1
   823f0:	aa1303e0 	mov	x0, x19
   823f4:	97fffeb2 	bl	81ebc <set_cur_task>
   823f8:	aa1303e1 	mov	x1, x19
   823fc:	aa1403e0 	mov	x0, x20
   82400:	a94153f3 	ldp	x19, x20, [sp, #16]
   82404:	a8c27bfd 	ldp	x29, x30, [sp], #32
   82408:	17fffe9a 	b	81e70 <switch_to>
   8240c:	d503201f 	nop

0000000000082410 <schedule>:
   82410:	d0000001 	adrp	x1, 84000 <idle_pcb>
   82414:	91018021 	add	x1, x1, #0x60
   82418:	b9400420 	ldr	w0, [x1, #4]
   8241c:	35000040 	cbnz	w0, 82424 <schedule+0x14>
   82420:	d65f03c0 	ret
   82424:	a9bf7bfd 	stp	x29, x30, [sp, #-16]!
   82428:	d0000000 	adrp	x0, 84000 <idle_pcb>
   8242c:	910003fd 	mov	x29, sp
   82430:	f9401000 	ldr	x0, [x0, #32]
   82434:	b900043f 	str	wzr, [x1, #4]
   82438:	97ffff90 	bl	82278 <deQueue>
   8243c:	a8c17bfd 	ldp	x29, x30, [sp], #16
   82440:	17ffffde 	b	823b8 <context_switch>
   82444:	d503201f 	nop

0000000000082448 <idle>:
   82448:	a9bd7bfd 	stp	x29, x30, [sp, #-48]!
   8244c:	910003fd 	mov	x29, sp
   82450:	a90153f3 	stp	x19, x20, [sp, #16]
   82454:	d0000014 	adrp	x20, 84000 <idle_pcb>
   82458:	f90013f5 	str	x21, [sp, #32]
   8245c:	d0000015 	adrp	x21, 84000 <idle_pcb>
   82460:	f9401a94 	ldr	x20, [x20, #48]
   82464:	f94012b5 	ldr	x21, [x21, #32]
   82468:	aa1503e0 	mov	x0, x21
   8246c:	97ffff83 	bl	82278 <deQueue>
   82470:	3100041f 	cmn	w0, #0x1
   82474:	54000180 	b.eq	824a4 <idle+0x5c>  // b.none
   82478:	93797c00 	sbfiz	x0, x0, #7, #32
   8247c:	8b140013 	add	x19, x0, x20
   82480:	aa1303e0 	mov	x0, x19
   82484:	97fffe8e 	bl	81ebc <set_cur_task>
   82488:	aa1303e1 	mov	x1, x19
   8248c:	aa1403e0 	mov	x0, x20
   82490:	97fffe78 	bl	81e70 <switch_to>
   82494:	aa1503e0 	mov	x0, x21
   82498:	97ffff78 	bl	82278 <deQueue>
   8249c:	3100041f 	cmn	w0, #0x1
   824a0:	54fffec1 	b.ne	82478 <idle+0x30>  // b.any
   824a4:	97fffe53 	bl	81df0 <sleep>
   824a8:	17fffff0 	b	82468 <idle+0x20>
   824ac:	d503201f 	nop

00000000000824b0 <kernel_routine_entry>:
   824b0:	a9bf7bfd 	stp	x29, x30, [sp, #-16]!
   824b4:	910003fd 	mov	x29, sp
   824b8:	97fffe7f 	bl	81eb4 <get_cur_task>
   824bc:	9101a001 	add	x1, x0, #0x68
   824c0:	a8c17bfd 	ldp	x29, x30, [sp], #16
   824c4:	9101c000 	add	x0, x0, #0x70
   824c8:	17fffe83 	b	81ed4 <store_umode_lr_sp>
   824cc:	d503201f 	nop

00000000000824d0 <kernel_routine_exit>:
   824d0:	a9bf7bfd 	stp	x29, x30, [sp, #-16]!
   824d4:	910003fd 	mov	x29, sp
   824d8:	97fffe77 	bl	81eb4 <get_cur_task>
   824dc:	a8c17bfd 	ldp	x29, x30, [sp], #16
   824e0:	a9468001 	ldp	x1, x0, [x0, #104]
   824e4:	17fffe81 	b	81ee8 <restore_umode_lr_sp>

00000000000824e8 <leave_fork>:
   824e8:	a9bf7bfd 	stp	x29, x30, [sp, #-16]!
   824ec:	910003fd 	mov	x29, sp
   824f0:	97fffff8 	bl	824d0 <kernel_routine_exit>
   824f4:	a8c17bfd 	ldp	x29, x30, [sp], #16
   824f8:	17fffe7f 	b	81ef4 <restore_all_reg>
   824fc:	d503201f 	nop

0000000000082500 <do_fork>:
   82500:	a9be7bfd 	stp	x29, x30, [sp, #-32]!
   82504:	910003fd 	mov	x29, sp
   82508:	f9000bf3 	str	x19, [sp, #16]
   8250c:	97fffe6a 	bl	81eb4 <get_cur_task>
   82510:	aa0003f3 	mov	x19, x0
   82514:	90000000 	adrp	x0, 82000 <uart_init+0xc0>
   82518:	9113a000 	add	x0, x0, #0x4e8
   8251c:	97ffff6d 	bl	822d0 <privilege_task_create>
   82520:	d0000002 	adrp	x2, 84000 <idle_pcb>
   82524:	d0000000 	adrp	x0, 84000 <idle_pcb>
   82528:	b9407a61 	ldr	w1, [x19, #120]
   8252c:	b9406046 	ldr	w6, [x2, #96]
   82530:	f9402000 	ldr	x0, [x0, #64]
   82534:	510004c6 	sub	w6, w6, #0x1
   82538:	93407c21 	sxtw	x1, w1
   8253c:	f940326a 	ldr	x10, [x19, #96]
   82540:	91400405 	add	x5, x0, #0x1, lsl #12
   82544:	93407cc6 	sxtw	x6, w6
   82548:	d374cc28 	lsl	x8, x1, #12
   8254c:	8b000100 	add	x0, x8, x0
   82550:	8b0800a5 	add	x5, x5, x8
   82554:	d374ccc2 	lsl	x2, x6, #12
   82558:	cb0133e1 	neg	x1, x1, lsl #12
   8255c:	f810015f 	stur	xzr, [x10, #-256]
   82560:	8b010003 	add	x3, x0, x1
   82564:	39400004 	ldrb	w4, [x0]
   82568:	91000400 	add	x0, x0, #0x1
   8256c:	eb05001f 	cmp	x0, x5
   82570:	38226864 	strb	w4, [x3, x2]
   82574:	54ffff61 	b.ne	82560 <do_fork+0x60>  // b.any
   82578:	d0000007 	adrp	x7, 84000 <idle_pcb>
   8257c:	f94008e0 	ldr	x0, [x7, #16]
   82580:	91400405 	add	x5, x0, #0x1, lsl #12
   82584:	8b000109 	add	x9, x8, x0
   82588:	aa0903e0 	mov	x0, x9
   8258c:	8b0800a5 	add	x5, x5, x8
   82590:	8b010003 	add	x3, x0, x1
   82594:	39400004 	ldrb	w4, [x0]
   82598:	91000400 	add	x0, x0, #0x1
   8259c:	eb05001f 	cmp	x0, x5
   825a0:	38226864 	strb	w4, [x3, x2]
   825a4:	54ffff61 	b.ne	82590 <do_fork+0x90>  // b.any
   825a8:	d0000000 	adrp	x0, 84000 <idle_pcb>
   825ac:	f8100146 	stur	x6, [x10, #-256]
   825b0:	f94008e7 	ldr	x7, [x7, #16]
   825b4:	f9401800 	ldr	x0, [x0, #48]
   825b8:	a9468e61 	ldp	x1, x3, [x19, #104]
   825bc:	8b061c00 	add	x0, x0, x6, lsl #7
   825c0:	f9400bf3 	ldr	x19, [sp, #16]
   825c4:	4b090021 	sub	w1, w1, w9
   825c8:	8b21c041 	add	x1, x2, w1, sxtw
   825cc:	f9403002 	ldr	x2, [x0, #96]
   825d0:	8b070021 	add	x1, x1, x7
   825d4:	a9068c01 	stp	x1, x3, [x0, #104]
   825d8:	d1040041 	sub	x1, x2, #0x100
   825dc:	f9003001 	str	x1, [x0, #96]
   825e0:	a8c27bfd 	ldp	x29, x30, [sp], #32
   825e4:	d65f03c0 	ret

00000000000825e8 <hello>:
   825e8:	a9be7bfd 	stp	x29, x30, [sp, #-32]!
   825ec:	910003fd 	mov	x29, sp
   825f0:	f9000bf3 	str	x19, [sp, #16]
   825f4:	97fffe16 	bl	81e4c <fork>
   825f8:	2a0003f3 	mov	w19, w0
   825fc:	97fffdfd 	bl	81df0 <sleep>
   82600:	97fffdfc 	bl	81df0 <sleep>
   82604:	7100027f 	cmp	w19, #0x0
   82608:	540000cd 	b.le	82620 <hello+0x38>
   8260c:	90000000 	adrp	x0, 82000 <uart_init+0xc0>
   82610:	913c6000 	add	x0, x0, #0xf18
   82614:	97fffe01 	bl	81e18 <uart_write>
   82618:	97fffdfd 	bl	81e0c <sched_yield>
   8261c:	14000000 	b	8261c <hello+0x34>
   82620:	90000000 	adrp	x0, 82000 <uart_init+0xc0>
   82624:	913c8000 	add	x0, x0, #0xf20
   82628:	97fffdfc 	bl	81e18 <uart_write>
   8262c:	97fffdf8 	bl	81e0c <sched_yield>
   82630:	17fffffb 	b	8261c <hello+0x34>
   82634:	d503201f 	nop

0000000000082638 <task>:
   82638:	a9be7bfd 	stp	x29, x30, [sp, #-32]!
   8263c:	910003fd 	mov	x29, sp
   82640:	f9000bf3 	str	x19, [sp, #16]
   82644:	90000013 	adrp	x19, 82000 <uart_init+0xc0>
   82648:	913ca273 	add	x19, x19, #0xf28
   8264c:	d503201f 	nop
   82650:	97fffdec 	bl	81e00 <get_taskId>
   82654:	97fffea7 	bl	820f0 <uart_hex>
   82658:	aa1303e0 	mov	x0, x19
   8265c:	97fffdef 	bl	81e18 <uart_write>
   82660:	97fffde4 	bl	81df0 <sleep>
   82664:	97fffdea 	bl	81e0c <sched_yield>
   82668:	17fffffa 	b	82650 <task+0x18>
   8266c:	d503201f 	nop

0000000000082670 <user_task_hello>:
   82670:	90000000 	adrp	x0, 82000 <uart_init+0xc0>
   82674:	911a0000 	add	x0, x0, #0x680
   82678:	17ffff42 	b	82380 <do_exec>
   8267c:	d503201f 	nop

0000000000082680 <to_hello>:
   82680:	90000000 	adrp	x0, 82000 <uart_init+0xc0>
   82684:	9117a000 	add	x0, x0, #0x5e8
   82688:	17fffded 	b	81e3c <exec>
   8268c:	d503201f 	nop

0000000000082690 <user_task>:
   82690:	90000000 	adrp	x0, 82000 <uart_init+0xc0>
   82694:	9118e000 	add	x0, x0, #0x638
   82698:	17ffff3a 	b	82380 <do_exec>
   8269c:	00000000 	.inst	0x00000000 ; undefined

00000000000826a0 <main>:
   826a0:	a9bf7bfd 	stp	x29, x30, [sp, #-16]!
   826a4:	910003fd 	mov	x29, sp
   826a8:	97fffe26 	bl	81f40 <uart_init>
   826ac:	940001e9 	bl	82e50 <core_timer_enable>
   826b0:	d0000000 	adrp	x0, 84000 <idle_pcb>
   826b4:	f9401000 	ldr	x0, [x0, #32]
   826b8:	97fffece 	bl	821f0 <init_Queue>
   826bc:	d0000000 	adrp	x0, 84000 <idle_pcb>
   826c0:	f9401400 	ldr	x0, [x0, #40]
   826c4:	97ffff03 	bl	822d0 <privilege_task_create>
   826c8:	90000000 	adrp	x0, 82000 <uart_init+0xc0>
   826cc:	9119c000 	add	x0, x0, #0x670
   826d0:	97ffff00 	bl	822d0 <privilege_task_create>
   826d4:	d0000000 	adrp	x0, 84000 <idle_pcb>
   826d8:	a8c17bfd 	ldp	x29, x30, [sp], #16
   826dc:	f9400c00 	ldr	x0, [x0, #24]
   826e0:	f9400000 	ldr	x0, [x0]
   826e4:	17fffdf8 	b	81ec4 <go_to>

00000000000826e8 <get_currentEL>:
   826e8:	d5384240 	mrs	x0, currentel
   826ec:	927e0400 	and	x0, x0, #0xc
   826f0:	13027c00 	asr	w0, w0, #2
   826f4:	d65f03c0 	ret

00000000000826f8 <show_currentEL>:
   826f8:	a9be7bfd 	stp	x29, x30, [sp, #-32]!
   826fc:	910003fd 	mov	x29, sp
   82700:	f9000bf3 	str	x19, [sp, #16]
   82704:	d5384253 	mrs	x19, currentel
   82708:	927e0673 	and	x19, x19, #0xc
   8270c:	90000000 	adrp	x0, 82000 <uart_init+0xc0>
   82710:	913cc000 	add	x0, x0, #0xf30
   82714:	97fffe5f 	bl	82090 <uart_puts>
   82718:	13027e60 	asr	w0, w19, #2
   8271c:	97fffe75 	bl	820f0 <uart_hex>
   82720:	f9400bf3 	ldr	x19, [sp, #16]
   82724:	90000000 	adrp	x0, 82000 <uart_init+0xc0>
   82728:	a8c27bfd 	ldp	x29, x30, [sp], #32
   8272c:	913c4000 	add	x0, x0, #0xf10
   82730:	17fffe58 	b	82090 <uart_puts>
   82734:	d503201f 	nop

0000000000082738 <show_esr_elr>:
   82738:	a9be7bfd 	stp	x29, x30, [sp, #-32]!
   8273c:	910003fd 	mov	x29, sp
   82740:	a90153f3 	stp	x19, x20, [sp, #16]
   82744:	aa0103f3 	mov	x19, x1
   82748:	aa0003f4 	mov	x20, x0
   8274c:	90000000 	adrp	x0, 82000 <uart_init+0xc0>
   82750:	913d0000 	add	x0, x0, #0xf40
   82754:	97fffe4f 	bl	82090 <uart_puts>
   82758:	90000000 	adrp	x0, 82000 <uart_init+0xc0>
   8275c:	913da000 	add	x0, x0, #0xf68
   82760:	97fffe4c 	bl	82090 <uart_puts>
   82764:	2a1303e0 	mov	w0, w19
   82768:	90000013 	adrp	x19, 82000 <uart_init+0xc0>
   8276c:	97fffe61 	bl	820f0 <uart_hex>
   82770:	913c4273 	add	x19, x19, #0xf10
   82774:	aa1303e0 	mov	x0, x19
   82778:	97fffe46 	bl	82090 <uart_puts>
   8277c:	90000000 	adrp	x0, 82000 <uart_init+0xc0>
   82780:	913e2000 	add	x0, x0, #0xf88
   82784:	97fffe43 	bl	82090 <uart_puts>
   82788:	d35ae680 	ubfx	x0, x20, #26, #32
   8278c:	97fffe59 	bl	820f0 <uart_hex>
   82790:	aa1303e0 	mov	x0, x19
   82794:	97fffe3f 	bl	82090 <uart_puts>
   82798:	90000000 	adrp	x0, 82000 <uart_init+0xc0>
   8279c:	913e8000 	add	x0, x0, #0xfa0
   827a0:	97fffe3c 	bl	82090 <uart_puts>
   827a4:	12006280 	and	w0, w20, #0x1ffffff
   827a8:	97fffe52 	bl	820f0 <uart_hex>
   827ac:	aa1303e0 	mov	x0, x19
   827b0:	a94153f3 	ldp	x19, x20, [sp, #16]
   827b4:	a8c27bfd 	ldp	x29, x30, [sp], #32
   827b8:	17fffe36 	b	82090 <uart_puts>
   827bc:	d503201f 	nop

00000000000827c0 <sys_uart_read>:
   827c0:	a9bd7bfd 	stp	x29, x30, [sp, #-48]!
   827c4:	910003fd 	mov	x29, sp
   827c8:	a901d7f4 	stp	x20, x21, [sp, #24]
   827cc:	a944d414 	ldp	x20, x21, [x0, #72]
   827d0:	710002bf 	cmp	w21, #0x0
   827d4:	540001ad 	b.le	82808 <sys_uart_read+0x48>
   827d8:	510006b5 	sub	w21, w21, #0x1
   827dc:	f9000bb3 	str	x19, [x29, #16]
   827e0:	91000693 	add	x19, x20, #0x1
   827e4:	8b150275 	add	x21, x19, x21
   827e8:	14000002 	b	827f0 <sys_uart_read+0x30>
   827ec:	91000673 	add	x19, x19, #0x1
   827f0:	97fffe1a 	bl	82058 <uart_getc>
   827f4:	39000280 	strb	w0, [x20]
   827f8:	eb15027f 	cmp	x19, x21
   827fc:	aa1303f4 	mov	x20, x19
   82800:	54ffff61 	b.ne	827ec <sys_uart_read+0x2c>  // b.any
   82804:	f9400bb3 	ldr	x19, [x29, #16]
   82808:	a941d7f4 	ldp	x20, x21, [sp, #24]
   8280c:	a8c37bfd 	ldp	x29, x30, [sp], #48
   82810:	d65f03c0 	ret
   82814:	d503201f 	nop

0000000000082818 <sysCall_handler_el0>:
   82818:	a9bd7bfd 	stp	x29, x30, [sp, #-48]!
   8281c:	910003fd 	mov	x29, sp
   82820:	f9000bf3 	str	x19, [sp, #16]
   82824:	97fffda4 	bl	81eb4 <get_cur_task>
   82828:	f9403001 	ldr	x1, [x0, #96]
   8282c:	f8540033 	ldur	x19, [x1, #-192]
   82830:	f1000a7f 	cmp	x19, #0x2
   82834:	54000720 	b.eq	82918 <sysCall_handler_el0+0x100>  // b.none
   82838:	54000149 	b.ls	82860 <sysCall_handler_el0+0x48>  // b.plast
   8283c:	f100127f 	cmp	x19, #0x4
   82840:	540001e0 	b.eq	8287c <sysCall_handler_el0+0x64>  // b.none
   82844:	54000463 	b.cc	828d0 <sysCall_handler_el0+0xb8>  // b.lo, b.ul, b.last
   82848:	f100167f 	cmp	x19, #0x5
   8284c:	54000221 	b.ne	82890 <sysCall_handler_el0+0x78>  // b.any
   82850:	97ffff2c 	bl	82500 <do_fork>
   82854:	f9400bf3 	ldr	x19, [sp, #16]
   82858:	a8c37bfd 	ldp	x29, x30, [sp], #48
   8285c:	17ffff1d 	b	824d0 <kernel_routine_exit>
   82860:	b40002f3 	cbz	x19, 828bc <sysCall_handler_el0+0xa4>
   82864:	f100067f 	cmp	x19, #0x1
   82868:	54000141 	b.ne	82890 <sysCall_handler_el0+0x78>  // b.any
   8286c:	97fffee9 	bl	82410 <schedule>
   82870:	f9400bf3 	ldr	x19, [sp, #16]
   82874:	a8c37bfd 	ldp	x29, x30, [sp], #48
   82878:	17ffff16 	b	824d0 <kernel_routine_exit>
   8287c:	f8548020 	ldur	x0, [x1, #-184]
   82880:	97fffec0 	bl	82380 <do_exec>
   82884:	f9400bf3 	ldr	x19, [sp, #16]
   82888:	a8c37bfd 	ldp	x29, x30, [sp], #48
   8288c:	17ffff11 	b	824d0 <kernel_routine_exit>
   82890:	90000000 	adrp	x0, 82000 <uart_init+0xc0>
   82894:	913f2000 	add	x0, x0, #0xfc8
   82898:	97fffdfe 	bl	82090 <uart_puts>
   8289c:	2a1303e0 	mov	w0, w19
   828a0:	97fffe14 	bl	820f0 <uart_hex>
   828a4:	90000000 	adrp	x0, 82000 <uart_init+0xc0>
   828a8:	913f6000 	add	x0, x0, #0xfd8
   828ac:	97fffdf9 	bl	82090 <uart_puts>
   828b0:	f9400bf3 	ldr	x19, [sp, #16]
   828b4:	a8c37bfd 	ldp	x29, x30, [sp], #48
   828b8:	17ffff06 	b	824d0 <kernel_routine_exit>
   828bc:	b9807800 	ldrsw	x0, [x0, #120]
   828c0:	f8100020 	stur	x0, [x1, #-256]
   828c4:	f9400bf3 	ldr	x19, [sp, #16]
   828c8:	a8c37bfd 	ldp	x29, x30, [sp], #48
   828cc:	17ffff01 	b	824d0 <kernel_routine_exit>
   828d0:	a901d7b4 	stp	x20, x21, [x29, #24]
   828d4:	a974d434 	ldp	x20, x21, [x1, #-184]
   828d8:	710002bf 	cmp	w21, #0x0
   828dc:	5400016d 	b.le	82908 <sysCall_handler_el0+0xf0>
   828e0:	91000693 	add	x19, x20, #0x1
   828e4:	510006b5 	sub	w21, w21, #0x1
   828e8:	8b150275 	add	x21, x19, x21
   828ec:	14000002 	b	828f4 <sysCall_handler_el0+0xdc>
   828f0:	91000673 	add	x19, x19, #0x1
   828f4:	97fffdd9 	bl	82058 <uart_getc>
   828f8:	39000280 	strb	w0, [x20]
   828fc:	eb15027f 	cmp	x19, x21
   82900:	aa1303f4 	mov	x20, x19
   82904:	54ffff61 	b.ne	828f0 <sysCall_handler_el0+0xd8>  // b.any
   82908:	a941d7b4 	ldp	x20, x21, [x29, #24]
   8290c:	f9400bf3 	ldr	x19, [sp, #16]
   82910:	a8c37bfd 	ldp	x29, x30, [sp], #48
   82914:	17fffeef 	b	824d0 <kernel_routine_exit>
   82918:	f8548020 	ldur	x0, [x1, #-184]
   8291c:	97fffddd 	bl	82090 <uart_puts>
   82920:	f9400bf3 	ldr	x19, [sp, #16]
   82924:	a8c37bfd 	ldp	x29, x30, [sp], #48
   82928:	17fffeea 	b	824d0 <kernel_routine_exit>
   8292c:	d503201f 	nop

0000000000082930 <sync_exc0_handler>:
   82930:	a9be7bfd 	stp	x29, x30, [sp, #-32]!
   82934:	910003fd 	mov	x29, sp
   82938:	910043a0 	add	x0, x29, #0x10
   8293c:	910063a1 	add	x1, x29, #0x18
   82940:	97fffd22 	bl	81dc8 <get_sync_exc_param_el1>
   82944:	f9400ba0 	ldr	x0, [x29, #16]
   82948:	d35afc00 	lsr	x0, x0, #26
   8294c:	f100541f 	cmp	x0, #0x15
   82950:	54000100 	b.eq	82970 <sync_exc0_handler+0x40>  // b.none
   82954:	90000000 	adrp	x0, 82000 <uart_init+0xc0>
   82958:	913fa000 	add	x0, x0, #0xfe8
   8295c:	97fffdcd 	bl	82090 <uart_puts>
   82960:	a94107a0 	ldp	x0, x1, [x29, #16]
   82964:	97ffff75 	bl	82738 <show_esr_elr>
   82968:	a8c27bfd 	ldp	x29, x30, [sp], #32
   8296c:	d65f03c0 	ret
   82970:	97fffed0 	bl	824b0 <kernel_routine_entry>
   82974:	f9400ba0 	ldr	x0, [x29, #16]
   82978:	f240601f 	tst	x0, #0x1ffffff
   8297c:	54ffff61 	b.ne	82968 <sync_exc0_handler+0x38>  // b.any
   82980:	97ffffa6 	bl	82818 <sysCall_handler_el0>
   82984:	a8c27bfd 	ldp	x29, x30, [sp], #32
   82988:	d65f03c0 	ret
   8298c:	d503201f 	nop

0000000000082990 <sync_exc1_handler>:
   82990:	a9be7bfd 	stp	x29, x30, [sp, #-32]!
   82994:	910003fd 	mov	x29, sp
   82998:	97ffff58 	bl	826f8 <show_currentEL>
   8299c:	910063a1 	add	x1, x29, #0x18
   829a0:	910043a0 	add	x0, x29, #0x10
   829a4:	97fffd09 	bl	81dc8 <get_sync_exc_param_el1>
   829a8:	b0000000 	adrp	x0, 83000 <core_timer_cancel+0x188>
   829ac:	91000000 	add	x0, x0, #0x0
   829b0:	97fffdb8 	bl	82090 <uart_puts>
   829b4:	a94107a0 	ldp	x0, x1, [x29, #16]
   829b8:	97ffff60 	bl	82738 <show_esr_elr>
   829bc:	a8c27bfd 	ldp	x29, x30, [sp], #32
   829c0:	d65f03c0 	ret
   829c4:	d503201f 	nop

00000000000829c8 <sync_exc2_handler>:
   829c8:	a9be7bfd 	stp	x29, x30, [sp, #-32]!
   829cc:	910003fd 	mov	x29, sp
   829d0:	97ffff4a 	bl	826f8 <show_currentEL>
   829d4:	910063a1 	add	x1, x29, #0x18
   829d8:	910043a0 	add	x0, x29, #0x10
   829dc:	97fffd00 	bl	81ddc <get_sync_exc_param_el2>
   829e0:	a94107a0 	ldp	x0, x1, [x29, #16]
   829e4:	97ffff55 	bl	82738 <show_esr_elr>
   829e8:	a8c27bfd 	ldp	x29, x30, [sp], #32
   829ec:	d65f03c0 	ret

00000000000829f0 <irq_exc_handler>:
   829f0:	d2800c00 	mov	x0, #0x60                  	// #96
   829f4:	f2a80000 	movk	x0, #0x4000, lsl #16
   829f8:	b9400000 	ldr	w0, [x0]
   829fc:	37080080 	tbnz	w0, #1, 82a0c <irq_exc_handler+0x1c>
   82a00:	b0000000 	adrp	x0, 83000 <core_timer_cancel+0x188>
   82a04:	91006000 	add	x0, x0, #0x18
   82a08:	17fffda2 	b	82090 <uart_puts>
   82a0c:	a9bf7bfd 	stp	x29, x30, [sp, #-16]!
   82a10:	910003fd 	mov	x29, sp
   82a14:	9400010b 	bl	82e40 <core_timer_handler>
   82a18:	d0000000 	adrp	x0, 84000 <idle_pcb>
   82a1c:	52800021 	mov	w1, #0x1                   	// #1
   82a20:	f9401c00 	ldr	x0, [x0, #56]
   82a24:	b9000001 	str	w1, [x0]
   82a28:	a8c17bfd 	ldp	x29, x30, [sp], #16
   82a2c:	d65f03c0 	ret

0000000000082a30 <SError_handler>:
   82a30:	b0000000 	adrp	x0, 83000 <core_timer_cancel+0x188>
   82a34:	9100c000 	add	x0, x0, #0x30
   82a38:	17fffd96 	b	82090 <uart_puts>
   82a3c:	00000000 	.inst	0x00000000 ; undefined

0000000000082a40 <ullToStr.part.0>:
   82a40:	b40003e0 	cbz	x0, 82abc <ullToStr.part.0+0x7c>
   82a44:	b202e7e8 	mov	x8, #0xcccccccccccccccc    	// #-3689348814741910324
   82a48:	aa0103e5 	mov	x5, x1
   82a4c:	aa0103e6 	mov	x6, x1
   82a50:	52800004 	mov	w4, #0x0                   	// #0
   82a54:	f29999a8 	movk	x8, #0xcccd
   82a58:	14000002 	b	82a60 <ullToStr.part.0+0x20>
   82a5c:	2a0703e4 	mov	w4, w7
   82a60:	9bc87c03 	umulh	x3, x0, x8
   82a64:	11000487 	add	w7, w4, #0x1
   82a68:	d343fc63 	lsr	x3, x3, #3
   82a6c:	8b030862 	add	x2, x3, x3, lsl #2
   82a70:	cb020402 	sub	x2, x0, x2, lsl #1
   82a74:	aa0303e0 	mov	x0, x3
   82a78:	1100c042 	add	w2, w2, #0x30
   82a7c:	380014c2 	strb	w2, [x6], #1
   82a80:	b5fffee3 	cbnz	x3, 82a5c <ullToStr.part.0+0x1c>
   82a84:	3827c83f 	strb	wzr, [x1, w7, sxtw]
   82a88:	34000184 	cbz	w4, 82ab8 <ullToStr.part.0+0x78>
   82a8c:	51000480 	sub	w0, w4, #0x1
   82a90:	91000421 	add	x1, x1, #0x1
   82a94:	93407c00 	sxtw	x0, w0
   82a98:	38606822 	ldrb	w2, [x1, x0]
   82a9c:	394000a3 	ldrb	w3, [x5]
   82aa0:	380014a2 	strb	w2, [x5], #1
   82aa4:	4b000082 	sub	w2, w4, w0
   82aa8:	38206823 	strb	w3, [x1, x0]
   82aac:	6b02001f 	cmp	w0, w2
   82ab0:	d1000400 	sub	x0, x0, #0x1
   82ab4:	54ffff2c 	b.gt	82a98 <ullToStr.part.0+0x58>
   82ab8:	d65f03c0 	ret
   82abc:	3900003f 	strb	wzr, [x1]
   82ac0:	d65f03c0 	ret
   82ac4:	d503201f 	nop

0000000000082ac8 <printASCII>:
   82ac8:	a9bd7bfd 	stp	x29, x30, [sp, #-48]!
   82acc:	910003fd 	mov	x29, sp
   82ad0:	a90153f3 	stp	x19, x20, [sp, #16]
   82ad4:	5290a3f4 	mov	w20, #0x851f                	// #34079
   82ad8:	f90013f5 	str	x21, [sp, #32]
   82adc:	12001c15 	and	w21, w0, #0xff
   82ae0:	72aa3d74 	movk	w20, #0x51eb, lsl #16
   82ae4:	52800140 	mov	w0, #0xa                   	// #10
   82ae8:	97fffd52 	bl	82030 <uart_send>
   82aec:	529999b3 	mov	w19, #0xcccd                	// #52429
   82af0:	9bb47eb4 	umull	x20, w21, w20
   82af4:	72b99993 	movk	w19, #0xcccc, lsl #16
   82af8:	d365fe94 	lsr	x20, x20, #37
   82afc:	1100c280 	add	w0, w20, #0x30
   82b00:	97fffd4c 	bl	82030 <uart_send>
   82b04:	52800c80 	mov	w0, #0x64                  	// #100
   82b08:	1b00d694 	msub	w20, w20, w0, w21
   82b0c:	9bb37e93 	umull	x19, w20, w19
   82b10:	d363fe73 	lsr	x19, x19, #35
   82b14:	1100c260 	add	w0, w19, #0x30
   82b18:	97fffd46 	bl	82030 <uart_send>
   82b1c:	0b130a73 	add	w19, w19, w19, lsl #2
   82b20:	4b130680 	sub	w0, w20, w19, lsl #1
   82b24:	1100c000 	add	w0, w0, #0x30
   82b28:	97fffd42 	bl	82030 <uart_send>
   82b2c:	a94153f3 	ldp	x19, x20, [sp, #16]
   82b30:	52800140 	mov	w0, #0xa                   	// #10
   82b34:	f94013f5 	ldr	x21, [sp, #32]
   82b38:	a8c37bfd 	ldp	x29, x30, [sp], #48
   82b3c:	17fffd3d 	b	82030 <uart_send>

0000000000082b40 <strlen>:
   82b40:	39400001 	ldrb	w1, [x0]
   82b44:	34000101 	cbz	w1, 82b64 <strlen+0x24>
   82b48:	52800001 	mov	w1, #0x0                   	// #0
   82b4c:	d503201f 	nop
   82b50:	38401c02 	ldrb	w2, [x0, #1]!
   82b54:	11000421 	add	w1, w1, #0x1
   82b58:	35ffffc2 	cbnz	w2, 82b50 <strlen+0x10>
   82b5c:	2a0103e0 	mov	w0, w1
   82b60:	d65f03c0 	ret
   82b64:	52800001 	mov	w1, #0x0                   	// #0
   82b68:	2a0103e0 	mov	w0, w1
   82b6c:	d65f03c0 	ret

0000000000082b70 <strcmp>:
   82b70:	39400007 	ldrb	w7, [x0]
   82b74:	39400026 	ldrb	w6, [x1]
   82b78:	34000247 	cbz	w7, 82bc0 <strcmp+0x50>
   82b7c:	aa0003e3 	mov	x3, x0
   82b80:	52800002 	mov	w2, #0x0                   	// #0
   82b84:	d503201f 	nop
   82b88:	38401c64 	ldrb	w4, [x3, #1]!
   82b8c:	11000442 	add	w2, w2, #0x1
   82b90:	35ffffc4 	cbnz	w4, 82b88 <strcmp+0x18>
   82b94:	34000366 	cbz	w6, 82c00 <strcmp+0x90>
   82b98:	aa0103e4 	mov	x4, x1
   82b9c:	52800003 	mov	w3, #0x0                   	// #0
   82ba0:	38401c85 	ldrb	w5, [x4, #1]!
   82ba4:	11000463 	add	w3, w3, #0x1
   82ba8:	35ffffc5 	cbnz	w5, 82ba0 <strcmp+0x30>
   82bac:	52800004 	mov	w4, #0x0                   	// #0
   82bb0:	6b02007f 	cmp	w3, w2
   82bb4:	540000e0 	b.eq	82bd0 <strcmp+0x60>  // b.none
   82bb8:	2a0403e0 	mov	w0, w4
   82bbc:	d65f03c0 	ret
   82bc0:	52800002 	mov	w2, #0x0                   	// #0
   82bc4:	35fffea6 	cbnz	w6, 82b98 <strcmp+0x28>
   82bc8:	2a0603e2 	mov	w2, w6
   82bcc:	d503201f 	nop
   82bd0:	d2800003 	mov	x3, #0x0                   	// #0
   82bd4:	14000003 	b	82be0 <strcmp+0x70>
   82bd8:	38636807 	ldrb	w7, [x0, x3]
   82bdc:	38636826 	ldrb	w6, [x1, x3]
   82be0:	91000463 	add	x3, x3, #0x1
   82be4:	6b0700df 	cmp	w6, w7
   82be8:	540000c1 	b.ne	82c00 <strcmp+0x90>  // b.any
   82bec:	6b03005f 	cmp	w2, w3
   82bf0:	54ffff4a 	b.ge	82bd8 <strcmp+0x68>  // b.tcont
   82bf4:	52800024 	mov	w4, #0x1                   	// #1
   82bf8:	2a0403e0 	mov	w0, w4
   82bfc:	d65f03c0 	ret
   82c00:	52800004 	mov	w4, #0x0                   	// #0
   82c04:	2a0403e0 	mov	w0, w4
   82c08:	d65f03c0 	ret
   82c0c:	d503201f 	nop

0000000000082c10 <strReverse>:
   82c10:	7100003f 	cmp	w1, #0x0
   82c14:	540001ad 	b.le	82c48 <strReverse+0x38>
   82c18:	51000422 	sub	w2, w1, #0x1
   82c1c:	91000403 	add	x3, x0, #0x1
   82c20:	93407c42 	sxtw	x2, w2
   82c24:	d503201f 	nop
   82c28:	38626864 	ldrb	w4, [x3, x2]
   82c2c:	39400005 	ldrb	w5, [x0]
   82c30:	38001404 	strb	w4, [x0], #1
   82c34:	4b020024 	sub	w4, w1, w2
   82c38:	38226865 	strb	w5, [x3, x2]
   82c3c:	6b04005f 	cmp	w2, w4
   82c40:	d1000442 	sub	x2, x2, #0x1
   82c44:	54ffff2c 	b.gt	82c28 <strReverse+0x18>
   82c48:	d65f03c0 	ret
   82c4c:	d503201f 	nop

0000000000082c50 <ullToStr>:
   82c50:	b4000040 	cbz	x0, 82c58 <ullToStr+0x8>
   82c54:	17ffff7b 	b	82a40 <ullToStr.part.0>
   82c58:	52800600 	mov	w0, #0x30                  	// #48
   82c5c:	79000020 	strh	w0, [x1]
   82c60:	d65f03c0 	ret
   82c64:	d503201f 	nop

0000000000082c68 <cntTimeStamp>:
   82c68:	9ac00826 	udiv	x6, x1, x0
   82c6c:	a9b67bfd 	stp	x29, x30, [sp, #-160]!
   82c70:	aa0203ea 	mov	x10, x2
   82c74:	910003fd 	mov	x29, sp
   82c78:	1b068401 	msub	w1, w0, w6, w1
   82c7c:	34000aa1 	cbz	w1, 82dd0 <cntTimeStamp+0x168>
   82c80:	2a0003e2 	mov	w2, w0
   82c84:	52800003 	mov	w3, #0x0                   	// #0
   82c88:	52800145 	mov	w5, #0xa                   	// #10
   82c8c:	d503201f 	nop
   82c90:	0b010821 	add	w1, w1, w1, lsl #2
   82c94:	0b030863 	add	w3, w3, w3, lsl #2
   82c98:	510004a5 	sub	w5, w5, #0x1
   82c9c:	531f7824 	lsl	w4, w1, #1
   82ca0:	aa0403e1 	mov	x1, x4
   82ca4:	9ac00884 	udiv	x4, x4, x0
   82ca8:	1b048441 	msub	w1, w2, w4, w1
   82cac:	0b030483 	add	w3, w4, w3, lsl #1
   82cb0:	7100003f 	cmp	w1, #0x0
   82cb4:	7a4018a4 	ccmp	w5, #0x0, #0x4, ne  // ne = any
   82cb8:	54fffec1 	b.ne	82c90 <cntTimeStamp+0x28>  // b.any
   82cbc:	93407c69 	sxtw	x9, w3
   82cc0:	b5000666 	cbnz	x6, 82d8c <cntTimeStamp+0x124>
   82cc4:	52800600 	mov	w0, #0x30                  	// #48
   82cc8:	790023a0 	strh	w0, [x29, #16]
   82ccc:	b5000689 	cbnz	x9, 82d9c <cntTimeStamp+0x134>
   82cd0:	394043a4 	ldrb	w4, [x29, #16]
   82cd4:	52800600 	mov	w0, #0x30                  	// #48
   82cd8:	7900b3a0 	strh	w0, [x29, #88]
   82cdc:	340008c4 	cbz	w4, 82df4 <cntTimeStamp+0x18c>
   82ce0:	52800602 	mov	w2, #0x30                  	// #48
   82ce4:	910047a0 	add	x0, x29, #0x11
   82ce8:	52800001 	mov	w1, #0x0                   	// #0
   82cec:	d503201f 	nop
   82cf0:	38401403 	ldrb	w3, [x0], #1
   82cf4:	11000421 	add	w1, w1, #0x1
   82cf8:	35ffffc3 	cbnz	w3, 82cf0 <cntTimeStamp+0x88>
   82cfc:	34000782 	cbz	w2, 82dec <cntTimeStamp+0x184>
   82d00:	910163ab 	add	x11, x29, #0x58
   82d04:	91000560 	add	x0, x11, #0x1
   82d08:	52800003 	mov	w3, #0x0                   	// #0
   82d0c:	d503201f 	nop
   82d10:	38401405 	ldrb	w5, [x0], #1
   82d14:	11000463 	add	w3, w3, #0x1
   82d18:	35ffffc5 	cbnz	w5, 82d10 <cntTimeStamp+0xa8>
   82d1c:	340005e1 	cbz	w1, 82dd8 <cntTimeStamp+0x170>
   82d20:	910043a2 	add	x2, x29, #0x10
   82d24:	d2800000 	mov	x0, #0x0                   	// #0
   82d28:	14000002 	b	82d30 <cntTimeStamp+0xc8>
   82d2c:	38626804 	ldrb	w4, [x0, x2]
   82d30:	38206944 	strb	w4, [x10, x0]
   82d34:	91000400 	add	x0, x0, #0x1
   82d38:	6b00003f 	cmp	w1, w0
   82d3c:	54ffff8c 	b.gt	82d2c <cntTimeStamp+0xc4>
   82d40:	11000424 	add	w4, w1, #0x1
   82d44:	528005c0 	mov	w0, #0x2e                  	// #46
   82d48:	3821c940 	strb	w0, [x10, w1, sxtw]
   82d4c:	910163ab 	add	x11, x29, #0x58
   82d50:	93407c82 	sxtw	x2, w4
   82d54:	aa0203e0 	mov	x0, x2
   82d58:	34000143 	cbz	w3, 82d80 <cntTimeStamp+0x118>
   82d5c:	8b020142 	add	x2, x10, x2
   82d60:	d2800000 	mov	x0, #0x0                   	// #0
   82d64:	d503201f 	nop
   82d68:	38606961 	ldrb	w1, [x11, x0]
   82d6c:	38206841 	strb	w1, [x2, x0]
   82d70:	91000400 	add	x0, x0, #0x1
   82d74:	6b00007f 	cmp	w3, w0
   82d78:	54ffff8c 	b.gt	82d68 <cntTimeStamp+0x100>
   82d7c:	0b030080 	add	w0, w4, w3
   82d80:	3820695f 	strb	wzr, [x10, x0]
   82d84:	a8ca7bfd 	ldp	x29, x30, [sp], #160
   82d88:	d65f03c0 	ret
   82d8c:	910043a1 	add	x1, x29, #0x10
   82d90:	aa0603e0 	mov	x0, x6
   82d94:	97ffff2b 	bl	82a40 <ullToStr.part.0>
   82d98:	b4fff9c9 	cbz	x9, 82cd0 <cntTimeStamp+0x68>
   82d9c:	910163ab 	add	x11, x29, #0x58
   82da0:	aa0903e0 	mov	x0, x9
   82da4:	aa0b03e1 	mov	x1, x11
   82da8:	97ffff26 	bl	82a40 <ullToStr.part.0>
   82dac:	394043a4 	ldrb	w4, [x29, #16]
   82db0:	394163a2 	ldrb	w2, [x29, #88]
   82db4:	35fff984 	cbnz	w4, 82ce4 <cntTimeStamp+0x7c>
   82db8:	52800001 	mov	w1, #0x0                   	// #0
   82dbc:	35fffa42 	cbnz	w2, 82d04 <cntTimeStamp+0x9c>
   82dc0:	528005c1 	mov	w1, #0x2e                  	// #46
   82dc4:	d2800020 	mov	x0, #0x1                   	// #1
   82dc8:	39000141 	strb	w1, [x10]
   82dcc:	17ffffed 	b	82d80 <cntTimeStamp+0x118>
   82dd0:	d2800009 	mov	x9, #0x0                   	// #0
   82dd4:	17ffffbb 	b	82cc0 <cntTimeStamp+0x58>
   82dd8:	528005c0 	mov	w0, #0x2e                  	// #46
   82ddc:	52800024 	mov	w4, #0x1                   	// #1
   82de0:	39000140 	strb	w0, [x10]
   82de4:	d2800022 	mov	x2, #0x1                   	// #1
   82de8:	17ffffdd 	b	82d5c <cntTimeStamp+0xf4>
   82dec:	52800003 	mov	w3, #0x0                   	// #0
   82df0:	17ffffcc 	b	82d20 <cntTimeStamp+0xb8>
   82df4:	910163ab 	add	x11, x29, #0x58
   82df8:	52800001 	mov	w1, #0x0                   	// #0
   82dfc:	17ffffc2 	b	82d04 <cntTimeStamp+0x9c>

0000000000082e00 <arm_local_timer_init>:
   82e00:	d2800680 	mov	x0, #0x34                  	// #52
   82e04:	52a6a001 	mov	w1, #0x35000000            	// #889192448
   82e08:	f2a80000 	movk	x0, #0x4000, lsl #16
   82e0c:	b9000001 	str	w1, [x0]
   82e10:	d65f03c0 	ret
   82e14:	d503201f 	nop

0000000000082e18 <arm_local_timer_handler>:
   82e18:	d2800700 	mov	x0, #0x38                  	// #56
   82e1c:	52b80001 	mov	w1, #0xc0000000            	// #-1073741824
   82e20:	f2a80000 	movk	x0, #0x4000, lsl #16
   82e24:	b9000001 	str	w1, [x0]
   82e28:	d65f03c0 	ret
   82e2c:	d503201f 	nop

0000000000082e30 <arm_local_timer_cancel>:
   82e30:	d2800680 	mov	x0, #0x34                  	// #52
   82e34:	f2a80000 	movk	x0, #0x4000, lsl #16
   82e38:	b900001f 	str	wzr, [x0]
   82e3c:	d65f03c0 	ret

0000000000082e40 <core_timer_handler>:
   82e40:	12bfc000 	mov	w0, #0x1ffffff             	// #33554431
   82e44:	aa0003e0 	mov	x0, x0
   82e48:	d51be200 	msr	cntp_tval_el0, x0
   82e4c:	d65f03c0 	ret

0000000000082e50 <core_timer_enable>:
   82e50:	12bfc000 	mov	w0, #0x1ffffff             	// #33554431
   82e54:	aa0003e0 	mov	x0, x0
   82e58:	d51be200 	msr	cntp_tval_el0, x0
   82e5c:	d2800020 	mov	x0, #0x1                   	// #1
   82e60:	d51be220 	msr	cntp_ctl_el0, x0
   82e64:	d2800800 	mov	x0, #0x40                  	// #64
   82e68:	52800041 	mov	w1, #0x2                   	// #2
   82e6c:	f2a80000 	movk	x0, #0x4000, lsl #16
   82e70:	b9000001 	str	w1, [x0]
   82e74:	d65f03c0 	ret

0000000000082e78 <core_timer_cancel>:
   82e78:	d2800800 	mov	x0, #0x40                  	// #64
   82e7c:	f2a80000 	movk	x0, #0x4000, lsl #16
   82e80:	b900001f 	str	wzr, [x0]
   82e84:	d65f03c0 	ret
